<?xml version="1.0" encoding="UTF-8"?>
<ns2:test-suite xmlns:ns2="urn:model.allure.qatools.yandex.ru" start="1463499315777" stop="1463499317646">
	<name>EditingNavigatingModalStoryteller</name>
	<title>EditingNavigatingModalStoryteller</title>
	<test-cases>
		<test-case start="1463499315778" stop="1463499316611" status="failed">
			<name>Should be able to toggle to user system process</name>
			<title>Should be able to toggle to user system process</title>
			<description></description>
			<labels>
			</labels>
			<parameters>
			</parameters>
			<steps>
			</steps>
			<attachments>
				<attachment title="Screenshot" source="3a9fab32-750c-4aff-9fa0-0d19df7dae64-attachment.png" type="image/png" size="85637"/>
			</attachments>
			<failure>
				<message>Expected &apos;&apos; to be &apos;User-System Process&apos;.</message>
				<stack-trace>Error: Failed expectation
    at Object.&lt;anonymous&gt; (C:\Git\BlueprintSys\blueprint\blueprint-automationframework\UI-e2e-Tests\UI-e2e-Tests\UI-e2e-Tests\Specs\Storyteller\EditingNavigatingModalStorytellerSpec.ts:30:91)
    at C:\Users\makbar\AppData\Roaming\npm\node_modules\protractor\node_modules\jasminewd2\index.js:96:23
    at new Promise (C:\Users\makbar\AppData\Roaming\npm\node_modules\protractor\node_modules\selenium-webdriver\lib\promise.js:1043:7)
    at controlFlowExecute (C:\Users\makbar\AppData\Roaming\npm\node_modules\protractor\node_modules\jasminewd2\index.js:82:18)
    at TaskQueue.execute_ (C:\Users\makbar\AppData\Roaming\npm\node_modules\protractor\node_modules\selenium-webdriver\lib\promise.js:2790:14)
    at TaskQueue.executeNext_ (C:\Users\makbar\AppData\Roaming\npm\node_modules\protractor\node_modules\selenium-webdriver\lib\promise.js:2773:21)
    at C:\Users\makbar\AppData\Roaming\npm\node_modules\protractor\node_modules\selenium-webdriver\lib\promise.js:2697:25
    at C:\Users\makbar\AppData\Roaming\npm\node_modules\protractor\node_modules\selenium-webdriver\lib\promise.js:639:7
    at process._tickCallback (internal/process/next_tick.js:103:7)</stack-trace>
			</failure>
		</test-case>
		<test-case start="1463499316611" stop="1463499317443" status="passed">
			<name>Should be able to publish the artifact</name>
			<title>Should be able to publish the artifact</title>
			<description></description>
			<labels>
			</labels>
			<parameters>
			</parameters>
			<steps>
			</steps>
			<attachments>
				<attachment title="Screenshot" source="80bfea21-0254-4fac-9b2d-2f8ec0e1a912-attachment.png" type="image/png" size="95423"/>
			</attachments>
		</test-case>
		<test-case start="1463499317443" stop="1463499317646" status="failed">
			<name>Should be able to edit system precondition shape header</name>
			<title>Should be able to edit system precondition shape header</title>
			<description></description>
			<labels>
			</labels>
			<parameters>
			</parameters>
			<steps>
			</steps>
			<attachments>
				<attachment title="Screenshot" source="c3ec5a8d-037f-47d3-a32a-cc020dfbf738-attachment.png" type="image/png" size="95423"/>
			</attachments>
			<failure>
				<message>Failed: this.labelHeader.then is not a function</message>
				<stack-trace>TypeError: this.labelHeader.then is not a function
    at Svgelementspages.verifyHeaderName (C:\Git\BlueprintSys\blueprint\blueprint-automationframework\UI-e2e-Tests\UI-e2e-Tests\UI-e2e-Tests\Pages\StorytellerPages\SvgElementsPage.ts:108:33)
    at Object.&lt;anonymous&gt; (C:\Git\BlueprintSys\blueprint\blueprint-automationframework\UI-e2e-Tests\UI-e2e-Tests\UI-e2e-Tests\Specs\Storyteller\EditingNavigatingModalStorytellerSpec.ts:45:29)
    at C:\Users\makbar\AppData\Roaming\npm\node_modules\protractor\node_modules\jasminewd2\index.js:96:23
    at new Promise (C:\Users\makbar\AppData\Roaming\npm\node_modules\protractor\node_modules\selenium-webdriver\lib\promise.js:1043:7)
    at controlFlowExecute (C:\Users\makbar\AppData\Roaming\npm\node_modules\protractor\node_modules\jasminewd2\index.js:82:18)
    at TaskQueue.execute_ (C:\Users\makbar\AppData\Roaming\npm\node_modules\protractor\node_modules\selenium-webdriver\lib\promise.js:2790:14)
    at TaskQueue.executeNext_ (C:\Users\makbar\AppData\Roaming\npm\node_modules\protractor\node_modules\selenium-webdriver\lib\promise.js:2773:21)
    at C:\Users\makbar\AppData\Roaming\npm\node_modules\protractor\node_modules\selenium-webdriver\lib\promise.js:2697:25
    at C:\Users\makbar\AppData\Roaming\npm\node_modules\protractor\node_modules\selenium-webdriver\lib\promise.js:639:7
    at process._tickCallback (internal/process/next_tick.js:103:7)
From: Task: Run it(&quot;Should be able to edit system precondition shape header&quot;) in control flow
    at Object.&lt;anonymous&gt; (C:\Users\makbar\AppData\Roaming\npm\node_modules\protractor\node_modules\jasminewd2\index.js:81:14)
    at attemptAsync (C:\Users\makbar\AppData\Roaming\npm\node_modules\protractor\node_modules\jasmine-core\lib\jasmine-core\jasmine.js:1916:24)
    at QueueRunner.run (C:\Users\makbar\AppData\Roaming\npm\node_modules\protractor\node_modules\jasmine-core\lib\jasmine-core\jasmine.js:1871:9)
    at QueueRunner.execute (C:\Users\makbar\AppData\Roaming\npm\node_modules\protractor\node_modules\jasmine-core\lib\jasmine-core\jasmine.js:1859:10)
    at Spec.Env.queueRunnerFactory (C:\Users\makbar\AppData\Roaming\npm\node_modules\protractor\node_modules\jasmine-core\lib\jasmine-core\jasmine.js:697:35)
    at Spec.execute (C:\Users\makbar\AppData\Roaming\npm\node_modules\protractor\node_modules\jasmine-core\lib\jasmine-core\jasmine.js:359:10)
    at Object.fn (C:\Users\makbar\AppData\Roaming\npm\node_modules\protractor\node_modules\jasmine-core\lib\jasmine-core\jasmine.js:2479:37)
    at attemptAsync (C:\Users\makbar\AppData\Roaming\npm\node_modules\protractor\node_modules\jasmine-core\lib\jasmine-core\jasmine.js:1916:24)
    at QueueRunner.run (C:\Users\makbar\AppData\Roaming\npm\node_modules\protractor\node_modules\jasmine-core\lib\jasmine-core\jasmine.js:1871:9)
    at C:\Users\makbar\AppData\Roaming\npm\node_modules\protractor\node_modules\jasmine-core\lib\jasmine-core\jasmine.js:1898:16
From asynchronous test: 
Error
    at Suite.&lt;anonymous&gt; (C:\Git\BlueprintSys\blueprint\blueprint-automationframework\UI-e2e-Tests\UI-e2e-Tests\UI-e2e-Tests\Specs\Storyteller\EditingNavigatingModalStorytellerSpec.ts:42:9)
    at addSpecsToSuite (C:\Users\makbar\AppData\Roaming\npm\node_modules\protractor\node_modules\jasmine-core\lib\jasmine-core\jasmine.js:833:25)
    at Env.describe (C:\Users\makbar\AppData\Roaming\npm\node_modules\protractor\node_modules\jasmine-core\lib\jasmine-core\jasmine.js:802:7)
    at jasmineInterface.describe (C:\Users\makbar\AppData\Roaming\npm\node_modules\protractor\node_modules\jasmine-core\lib\jasmine-core\jasmine.js:3375:18)
    at Object.&lt;anonymous&gt; (C:\Git\BlueprintSys\blueprint\blueprint-automationframework\UI-e2e-Tests\UI-e2e-Tests\UI-e2e-Tests\Specs\Storyteller\EditingNavigatingModalStorytellerSpec.ts:14:1)
    at Module._compile (module.js:413:34)
    at Object.Module._extensions..js (module.js:422:10)
    at Module.load (module.js:357:32)
    at Function.Module._load (module.js:314:12)</stack-trace>
			</failure>
		</test-case>
	</test-cases>
</ns2:test-suite>