<?xml version="1.0" encoding="UTF-8"?>
<ns2:test-suite xmlns:ns2="urn:model.allure.qatools.yandex.ru" start="1464315617914" stop="1464315749693">
	<name>Storyteller end to end test Shape footer navigating</name>
	<title>Storyteller end to end test Shape footer navigating</title>
	<test-cases>
		<test-case start="1464315617914" stop="1464315643255" status="failed">
			<name>Should be able to open Edit Detail modal at footer</name>
			<title>Should be able to open Edit Detail modal at footer</title>
			<description></description>
			<labels>
			</labels>
			<parameters>
			</parameters>
			<steps>
			</steps>
			<attachments>
				<attachment title="Screenshot" source="7e57c188-2728-40d6-9538-154e443b676e-attachment.png" type="image/png" size="17258"/>
			</attachments>
			<failure>
				<message>Failed: Cannot read property &apos;click&apos; of undefined</message>
				<stack-trace>TypeError: Cannot read property &apos;click&apos; of undefined
    at C:\Git\BlueprintSys\blueprint\blueprint-automationframework\UI-e2e-Tests\UI-e2e-Tests\UI-e2e-Tests\Specs\Storyteller\EditingNavigatingModalStorytellerSpec.ts:195:79
    at Promise.invokeCallback_ (C:\Users\makbar\AppData\Roaming\npm\node_modules\protractor\node_modules\selenium-webdriver\lib\promise.js:1329:14)
    at TaskQueue.execute_ (C:\Users\makbar\AppData\Roaming\npm\node_modules\protractor\node_modules\selenium-webdriver\lib\promise.js:2790:14)
    at TaskQueue.executeNext_ (C:\Users\makbar\AppData\Roaming\npm\node_modules\protractor\node_modules\selenium-webdriver\lib\promise.js:2773:21)
    at C:\Users\makbar\AppData\Roaming\npm\node_modules\protractor\node_modules\selenium-webdriver\lib\promise.js:2652:27
    at C:\Users\makbar\AppData\Roaming\npm\node_modules\protractor\node_modules\selenium-webdriver\lib\promise.js:639:7
    at process._tickCallback (internal/process/next_tick.js:103:7)
From: Task: Run it(&quot;Should be able to open Edit Detail modal at footer&quot;) in control flow
    at Object.&lt;anonymous&gt; (C:\Users\makbar\AppData\Roaming\npm\node_modules\protractor\node_modules\jasminewd2\index.js:81:14)
    at attemptAsync (C:\Users\makbar\AppData\Roaming\npm\node_modules\protractor\node_modules\jasmine-core\lib\jasmine-core\jasmine.js:1916:24)
    at QueueRunner.run (C:\Users\makbar\AppData\Roaming\npm\node_modules\protractor\node_modules\jasmine-core\lib\jasmine-core\jasmine.js:1871:9)
    at QueueRunner.execute (C:\Users\makbar\AppData\Roaming\npm\node_modules\protractor\node_modules\jasmine-core\lib\jasmine-core\jasmine.js:1859:10)
    at Spec.Env.queueRunnerFactory (C:\Users\makbar\AppData\Roaming\npm\node_modules\protractor\node_modules\jasmine-core\lib\jasmine-core\jasmine.js:697:35)
    at Spec.execute (C:\Users\makbar\AppData\Roaming\npm\node_modules\protractor\node_modules\jasmine-core\lib\jasmine-core\jasmine.js:359:10)
    at Object.fn (C:\Users\makbar\AppData\Roaming\npm\node_modules\protractor\node_modules\jasmine-core\lib\jasmine-core\jasmine.js:2479:37)
    at attemptAsync (C:\Users\makbar\AppData\Roaming\npm\node_modules\protractor\node_modules\jasmine-core\lib\jasmine-core\jasmine.js:1916:24)
    at QueueRunner.run (C:\Users\makbar\AppData\Roaming\npm\node_modules\protractor\node_modules\jasmine-core\lib\jasmine-core\jasmine.js:1871:9)
    at QueueRunner.execute (C:\Users\makbar\AppData\Roaming\npm\node_modules\protractor\node_modules\jasmine-core\lib\jasmine-core\jasmine.js:1859:10)
From asynchronous test: 
Error
    at Suite.&lt;anonymous&gt; (C:\Git\BlueprintSys\blueprint\blueprint-automationframework\UI-e2e-Tests\UI-e2e-Tests\UI-e2e-Tests\Specs\Storyteller\EditingNavigatingModalStorytellerSpec.ts:193:13)
    at addSpecsToSuite (C:\Users\makbar\AppData\Roaming\npm\node_modules\protractor\node_modules\jasmine-core\lib\jasmine-core\jasmine.js:833:25)
    at Env.describe (C:\Users\makbar\AppData\Roaming\npm\node_modules\protractor\node_modules\jasmine-core\lib\jasmine-core\jasmine.js:802:7)
    at jasmineInterface.describe (C:\Users\makbar\AppData\Roaming\npm\node_modules\protractor\node_modules\jasmine-core\lib\jasmine-core\jasmine.js:3375:18)
    at Suite.&lt;anonymous&gt; (C:\Git\BlueprintSys\blueprint\blueprint-automationframework\UI-e2e-Tests\UI-e2e-Tests\UI-e2e-Tests\Specs\Storyteller\EditingNavigatingModalStorytellerSpec.ts:190:5)
    at addSpecsToSuite (C:\Users\makbar\AppData\Roaming\npm\node_modules\protractor\node_modules\jasmine-core\lib\jasmine-core\jasmine.js:833:25)
    at Env.describe (C:\Users\makbar\AppData\Roaming\npm\node_modules\protractor\node_modules\jasmine-core\lib\jasmine-core\jasmine.js:802:7)
    at jasmineInterface.describe (C:\Users\makbar\AppData\Roaming\npm\node_modules\protractor\node_modules\jasmine-core\lib\jasmine-core\jasmine.js:3375:18)
    at Object.&lt;anonymous&gt; (C:\Git\BlueprintSys\blueprint\blueprint-automationframework\UI-e2e-Tests\UI-e2e-Tests\UI-e2e-Tests\Specs\Storyteller\EditingNavigatingModalStorytellerSpec.ts:15:1)</stack-trace>
			</failure>
		</test-case>
		<test-case start="1464315643256" stop="1464315673642" status="failed">
			<name>Should be able to open Add comment modal at footer</name>
			<title>Should be able to open Add comment modal at footer</title>
			<description></description>
			<labels>
			</labels>
			<parameters>
			</parameters>
			<steps>
			</steps>
			<attachments>
				<attachment title="Screenshot" source="9652e290-1348-48de-a13a-71181199f1d6-attachment.png" type="image/png" size="17258"/>
			</attachments>
			<failure>
				<message>Failed: Cannot read property &apos;click&apos; of undefined</message>
				<stack-trace>TypeError: Cannot read property &apos;click&apos; of undefined
    at C:\Git\BlueprintSys\blueprint\blueprint-automationframework\UI-e2e-Tests\UI-e2e-Tests\UI-e2e-Tests\Specs\Storyteller\EditingNavigatingModalStorytellerSpec.ts:209:79
    at Promise.invokeCallback_ (C:\Users\makbar\AppData\Roaming\npm\node_modules\protractor\node_modules\selenium-webdriver\lib\promise.js:1329:14)
    at TaskQueue.execute_ (C:\Users\makbar\AppData\Roaming\npm\node_modules\protractor\node_modules\selenium-webdriver\lib\promise.js:2790:14)
    at TaskQueue.executeNext_ (C:\Users\makbar\AppData\Roaming\npm\node_modules\protractor\node_modules\selenium-webdriver\lib\promise.js:2773:21)
    at C:\Users\makbar\AppData\Roaming\npm\node_modules\protractor\node_modules\selenium-webdriver\lib\promise.js:2652:27
    at C:\Users\makbar\AppData\Roaming\npm\node_modules\protractor\node_modules\selenium-webdriver\lib\promise.js:639:7
    at process._tickCallback (internal/process/next_tick.js:103:7)
From: Task: Run it(&quot;Should be able to open Add comment modal at footer&quot;) in control flow
    at Object.&lt;anonymous&gt; (C:\Users\makbar\AppData\Roaming\npm\node_modules\protractor\node_modules\jasminewd2\index.js:81:14)
    at attemptAsync (C:\Users\makbar\AppData\Roaming\npm\node_modules\protractor\node_modules\jasmine-core\lib\jasmine-core\jasmine.js:1916:24)
    at QueueRunner.run (C:\Users\makbar\AppData\Roaming\npm\node_modules\protractor\node_modules\jasmine-core\lib\jasmine-core\jasmine.js:1871:9)
    at QueueRunner.execute (C:\Users\makbar\AppData\Roaming\npm\node_modules\protractor\node_modules\jasmine-core\lib\jasmine-core\jasmine.js:1859:10)
    at Spec.Env.queueRunnerFactory (C:\Users\makbar\AppData\Roaming\npm\node_modules\protractor\node_modules\jasmine-core\lib\jasmine-core\jasmine.js:697:35)
    at Spec.execute (C:\Users\makbar\AppData\Roaming\npm\node_modules\protractor\node_modules\jasmine-core\lib\jasmine-core\jasmine.js:359:10)
    at Object.fn (C:\Users\makbar\AppData\Roaming\npm\node_modules\protractor\node_modules\jasmine-core\lib\jasmine-core\jasmine.js:2479:37)
    at attemptAsync (C:\Users\makbar\AppData\Roaming\npm\node_modules\protractor\node_modules\jasmine-core\lib\jasmine-core\jasmine.js:1916:24)
    at QueueRunner.run (C:\Users\makbar\AppData\Roaming\npm\node_modules\protractor\node_modules\jasmine-core\lib\jasmine-core\jasmine.js:1871:9)
    at C:\Users\makbar\AppData\Roaming\npm\node_modules\protractor\node_modules\jasmine-core\lib\jasmine-core\jasmine.js:1898:16
From asynchronous test: 
Error
    at Suite.&lt;anonymous&gt; (C:\Git\BlueprintSys\blueprint\blueprint-automationframework\UI-e2e-Tests\UI-e2e-Tests\UI-e2e-Tests\Specs\Storyteller\EditingNavigatingModalStorytellerSpec.ts:206:13)
    at addSpecsToSuite (C:\Users\makbar\AppData\Roaming\npm\node_modules\protractor\node_modules\jasmine-core\lib\jasmine-core\jasmine.js:833:25)
    at Env.describe (C:\Users\makbar\AppData\Roaming\npm\node_modules\protractor\node_modules\jasmine-core\lib\jasmine-core\jasmine.js:802:7)
    at jasmineInterface.describe (C:\Users\makbar\AppData\Roaming\npm\node_modules\protractor\node_modules\jasmine-core\lib\jasmine-core\jasmine.js:3375:18)
    at Suite.&lt;anonymous&gt; (C:\Git\BlueprintSys\blueprint\blueprint-automationframework\UI-e2e-Tests\UI-e2e-Tests\UI-e2e-Tests\Specs\Storyteller\EditingNavigatingModalStorytellerSpec.ts:190:5)
    at addSpecsToSuite (C:\Users\makbar\AppData\Roaming\npm\node_modules\protractor\node_modules\jasmine-core\lib\jasmine-core\jasmine.js:833:25)
    at Env.describe (C:\Users\makbar\AppData\Roaming\npm\node_modules\protractor\node_modules\jasmine-core\lib\jasmine-core\jasmine.js:802:7)
    at jasmineInterface.describe (C:\Users\makbar\AppData\Roaming\npm\node_modules\protractor\node_modules\jasmine-core\lib\jasmine-core\jasmine.js:3375:18)
    at Object.&lt;anonymous&gt; (C:\Git\BlueprintSys\blueprint\blueprint-automationframework\UI-e2e-Tests\UI-e2e-Tests\UI-e2e-Tests\Specs\Storyteller\EditingNavigatingModalStorytellerSpec.ts:15:1)</stack-trace>
			</failure>
		</test-case>
		<test-case start="1464315673642" stop="1464315698960" status="failed">
			<name>Should be able to open review traces modal at footer</name>
			<title>Should be able to open review traces modal at footer</title>
			<description></description>
			<labels>
			</labels>
			<parameters>
			</parameters>
			<steps>
			</steps>
			<attachments>
				<attachment title="Screenshot" source="4265e1c6-4cde-44cf-9313-1b1f9b0efef7-attachment.png" type="image/png" size="17258"/>
			</attachments>
			<failure>
				<message>Failed: Cannot read property &apos;click&apos; of undefined</message>
				<stack-trace>TypeError: Cannot read property &apos;click&apos; of undefined
    at C:\Git\BlueprintSys\blueprint\blueprint-automationframework\UI-e2e-Tests\UI-e2e-Tests\UI-e2e-Tests\Specs\Storyteller\EditingNavigatingModalStorytellerSpec.ts:224:81
    at Promise.invokeCallback_ (C:\Users\makbar\AppData\Roaming\npm\node_modules\protractor\node_modules\selenium-webdriver\lib\promise.js:1329:14)
    at TaskQueue.execute_ (C:\Users\makbar\AppData\Roaming\npm\node_modules\protractor\node_modules\selenium-webdriver\lib\promise.js:2790:14)
    at TaskQueue.executeNext_ (C:\Users\makbar\AppData\Roaming\npm\node_modules\protractor\node_modules\selenium-webdriver\lib\promise.js:2773:21)
    at C:\Users\makbar\AppData\Roaming\npm\node_modules\protractor\node_modules\selenium-webdriver\lib\promise.js:2652:27
    at C:\Users\makbar\AppData\Roaming\npm\node_modules\protractor\node_modules\selenium-webdriver\lib\promise.js:639:7
    at process._tickCallback (internal/process/next_tick.js:103:7)
From: Task: Run it(&quot;Should be able to open review traces modal at footer&quot;) in control flow
    at Object.&lt;anonymous&gt; (C:\Users\makbar\AppData\Roaming\npm\node_modules\protractor\node_modules\jasminewd2\index.js:81:14)
    at attemptAsync (C:\Users\makbar\AppData\Roaming\npm\node_modules\protractor\node_modules\jasmine-core\lib\jasmine-core\jasmine.js:1916:24)
    at QueueRunner.run (C:\Users\makbar\AppData\Roaming\npm\node_modules\protractor\node_modules\jasmine-core\lib\jasmine-core\jasmine.js:1871:9)
    at QueueRunner.execute (C:\Users\makbar\AppData\Roaming\npm\node_modules\protractor\node_modules\jasmine-core\lib\jasmine-core\jasmine.js:1859:10)
    at Spec.Env.queueRunnerFactory (C:\Users\makbar\AppData\Roaming\npm\node_modules\protractor\node_modules\jasmine-core\lib\jasmine-core\jasmine.js:697:35)
    at Spec.execute (C:\Users\makbar\AppData\Roaming\npm\node_modules\protractor\node_modules\jasmine-core\lib\jasmine-core\jasmine.js:359:10)
    at Object.fn (C:\Users\makbar\AppData\Roaming\npm\node_modules\protractor\node_modules\jasmine-core\lib\jasmine-core\jasmine.js:2479:37)
    at attemptAsync (C:\Users\makbar\AppData\Roaming\npm\node_modules\protractor\node_modules\jasmine-core\lib\jasmine-core\jasmine.js:1916:24)
    at QueueRunner.run (C:\Users\makbar\AppData\Roaming\npm\node_modules\protractor\node_modules\jasmine-core\lib\jasmine-core\jasmine.js:1871:9)
    at C:\Users\makbar\AppData\Roaming\npm\node_modules\protractor\node_modules\jasmine-core\lib\jasmine-core\jasmine.js:1898:16
From asynchronous test: 
Error
    at Suite.&lt;anonymous&gt; (C:\Git\BlueprintSys\blueprint\blueprint-automationframework\UI-e2e-Tests\UI-e2e-Tests\UI-e2e-Tests\Specs\Storyteller\EditingNavigatingModalStorytellerSpec.ts:222:13)
    at addSpecsToSuite (C:\Users\makbar\AppData\Roaming\npm\node_modules\protractor\node_modules\jasmine-core\lib\jasmine-core\jasmine.js:833:25)
    at Env.describe (C:\Users\makbar\AppData\Roaming\npm\node_modules\protractor\node_modules\jasmine-core\lib\jasmine-core\jasmine.js:802:7)
    at jasmineInterface.describe (C:\Users\makbar\AppData\Roaming\npm\node_modules\protractor\node_modules\jasmine-core\lib\jasmine-core\jasmine.js:3375:18)
    at Suite.&lt;anonymous&gt; (C:\Git\BlueprintSys\blueprint\blueprint-automationframework\UI-e2e-Tests\UI-e2e-Tests\UI-e2e-Tests\Specs\Storyteller\EditingNavigatingModalStorytellerSpec.ts:190:5)
    at addSpecsToSuite (C:\Users\makbar\AppData\Roaming\npm\node_modules\protractor\node_modules\jasmine-core\lib\jasmine-core\jasmine.js:833:25)
    at Env.describe (C:\Users\makbar\AppData\Roaming\npm\node_modules\protractor\node_modules\jasmine-core\lib\jasmine-core\jasmine.js:802:7)
    at jasmineInterface.describe (C:\Users\makbar\AppData\Roaming\npm\node_modules\protractor\node_modules\jasmine-core\lib\jasmine-core\jasmine.js:3375:18)
    at Object.&lt;anonymous&gt; (C:\Git\BlueprintSys\blueprint\blueprint-automationframework\UI-e2e-Tests\UI-e2e-Tests\UI-e2e-Tests\Specs\Storyteller\EditingNavigatingModalStorytellerSpec.ts:15:1)</stack-trace>
			</failure>
		</test-case>
		<test-case start="1464315698960" stop="1464315724346" status="failed">
			<name>Should be able to open add Images-Mockups-Screenshots modal at footer</name>
			<title>Should be able to open add Images-Mockups-Screenshots modal at footer</title>
			<description></description>
			<labels>
			</labels>
			<parameters>
			</parameters>
			<steps>
			</steps>
			<attachments>
				<attachment title="Screenshot" source="6874b446-e9ee-40f3-abb7-345990cbe070-attachment.png" type="image/png" size="17258"/>
			</attachments>
			<failure>
				<message>Failed: Cannot read property &apos;click&apos; of undefined</message>
				<stack-trace>TypeError: Cannot read property &apos;click&apos; of undefined
    at C:\Git\BlueprintSys\blueprint\blueprint-automationframework\UI-e2e-Tests\UI-e2e-Tests\UI-e2e-Tests\Specs\Storyteller\EditingNavigatingModalStorytellerSpec.ts:236:95
    at Promise.invokeCallback_ (C:\Users\makbar\AppData\Roaming\npm\node_modules\protractor\node_modules\selenium-webdriver\lib\promise.js:1329:14)
    at TaskQueue.execute_ (C:\Users\makbar\AppData\Roaming\npm\node_modules\protractor\node_modules\selenium-webdriver\lib\promise.js:2790:14)
    at TaskQueue.executeNext_ (C:\Users\makbar\AppData\Roaming\npm\node_modules\protractor\node_modules\selenium-webdriver\lib\promise.js:2773:21)
    at C:\Users\makbar\AppData\Roaming\npm\node_modules\protractor\node_modules\selenium-webdriver\lib\promise.js:2652:27
    at C:\Users\makbar\AppData\Roaming\npm\node_modules\protractor\node_modules\selenium-webdriver\lib\promise.js:639:7
    at process._tickCallback (internal/process/next_tick.js:103:7)
From: Task: Run it(&quot;Should be able to open add Images-Mockups-Screenshots modal at footer&quot;) in control flow
    at Object.&lt;anonymous&gt; (C:\Users\makbar\AppData\Roaming\npm\node_modules\protractor\node_modules\jasminewd2\index.js:81:14)
    at attemptAsync (C:\Users\makbar\AppData\Roaming\npm\node_modules\protractor\node_modules\jasmine-core\lib\jasmine-core\jasmine.js:1916:24)
    at QueueRunner.run (C:\Users\makbar\AppData\Roaming\npm\node_modules\protractor\node_modules\jasmine-core\lib\jasmine-core\jasmine.js:1871:9)
    at QueueRunner.execute (C:\Users\makbar\AppData\Roaming\npm\node_modules\protractor\node_modules\jasmine-core\lib\jasmine-core\jasmine.js:1859:10)
    at Spec.Env.queueRunnerFactory (C:\Users\makbar\AppData\Roaming\npm\node_modules\protractor\node_modules\jasmine-core\lib\jasmine-core\jasmine.js:697:35)
    at Spec.execute (C:\Users\makbar\AppData\Roaming\npm\node_modules\protractor\node_modules\jasmine-core\lib\jasmine-core\jasmine.js:359:10)
    at Object.fn (C:\Users\makbar\AppData\Roaming\npm\node_modules\protractor\node_modules\jasmine-core\lib\jasmine-core\jasmine.js:2479:37)
    at attemptAsync (C:\Users\makbar\AppData\Roaming\npm\node_modules\protractor\node_modules\jasmine-core\lib\jasmine-core\jasmine.js:1916:24)
    at QueueRunner.run (C:\Users\makbar\AppData\Roaming\npm\node_modules\protractor\node_modules\jasmine-core\lib\jasmine-core\jasmine.js:1871:9)
    at C:\Users\makbar\AppData\Roaming\npm\node_modules\protractor\node_modules\jasmine-core\lib\jasmine-core\jasmine.js:1898:16
From asynchronous test: 
Error
    at Suite.&lt;anonymous&gt; (C:\Git\BlueprintSys\blueprint\blueprint-automationframework\UI-e2e-Tests\UI-e2e-Tests\UI-e2e-Tests\Specs\Storyteller\EditingNavigatingModalStorytellerSpec.ts:234:13)
    at addSpecsToSuite (C:\Users\makbar\AppData\Roaming\npm\node_modules\protractor\node_modules\jasmine-core\lib\jasmine-core\jasmine.js:833:25)
    at Env.describe (C:\Users\makbar\AppData\Roaming\npm\node_modules\protractor\node_modules\jasmine-core\lib\jasmine-core\jasmine.js:802:7)
    at jasmineInterface.describe (C:\Users\makbar\AppData\Roaming\npm\node_modules\protractor\node_modules\jasmine-core\lib\jasmine-core\jasmine.js:3375:18)
    at Suite.&lt;anonymous&gt; (C:\Git\BlueprintSys\blueprint\blueprint-automationframework\UI-e2e-Tests\UI-e2e-Tests\UI-e2e-Tests\Specs\Storyteller\EditingNavigatingModalStorytellerSpec.ts:190:5)
    at addSpecsToSuite (C:\Users\makbar\AppData\Roaming\npm\node_modules\protractor\node_modules\jasmine-core\lib\jasmine-core\jasmine.js:833:25)
    at Env.describe (C:\Users\makbar\AppData\Roaming\npm\node_modules\protractor\node_modules\jasmine-core\lib\jasmine-core\jasmine.js:802:7)
    at jasmineInterface.describe (C:\Users\makbar\AppData\Roaming\npm\node_modules\protractor\node_modules\jasmine-core\lib\jasmine-core\jasmine.js:3375:18)
    at Object.&lt;anonymous&gt; (C:\Git\BlueprintSys\blueprint\blueprint-automationframework\UI-e2e-Tests\UI-e2e-Tests\UI-e2e-Tests\Specs\Storyteller\EditingNavigatingModalStorytellerSpec.ts:15:1)</stack-trace>
			</failure>
		</test-case>
		<test-case start="1464315724346" stop="1464315749693" status="failed">
			<name>Should be able to open view user stories modal at footer </name>
			<title>Should be able to open view user stories modal at footer </title>
			<description></description>
			<labels>
			</labels>
			<parameters>
			</parameters>
			<steps>
			</steps>
			<attachments>
				<attachment title="Screenshot" source="6f1ee4ad-cc6e-4233-b068-6d3202025e26-attachment.png" type="image/png" size="17258"/>
			</attachments>
			<failure>
				<message>Failed: Cannot read property &apos;click&apos; of undefined</message>
				<stack-trace>TypeError: Cannot read property &apos;click&apos; of undefined
    at C:\Git\BlueprintSys\blueprint\blueprint-automationframework\UI-e2e-Tests\UI-e2e-Tests\UI-e2e-Tests\Specs\Storyteller\EditingNavigatingModalStorytellerSpec.ts:251:84
    at Promise.invokeCallback_ (C:\Users\makbar\AppData\Roaming\npm\node_modules\protractor\node_modules\selenium-webdriver\lib\promise.js:1329:14)
    at TaskQueue.execute_ (C:\Users\makbar\AppData\Roaming\npm\node_modules\protractor\node_modules\selenium-webdriver\lib\promise.js:2790:14)
    at TaskQueue.executeNext_ (C:\Users\makbar\AppData\Roaming\npm\node_modules\protractor\node_modules\selenium-webdriver\lib\promise.js:2773:21)
    at C:\Users\makbar\AppData\Roaming\npm\node_modules\protractor\node_modules\selenium-webdriver\lib\promise.js:2652:27
    at C:\Users\makbar\AppData\Roaming\npm\node_modules\protractor\node_modules\selenium-webdriver\lib\promise.js:639:7
    at process._tickCallback (internal/process/next_tick.js:103:7)
From: Task: Run it(&quot;Should be able to open view user stories modal at footer &quot;) in control flow
    at Object.&lt;anonymous&gt; (C:\Users\makbar\AppData\Roaming\npm\node_modules\protractor\node_modules\jasminewd2\index.js:81:14)
    at attemptAsync (C:\Users\makbar\AppData\Roaming\npm\node_modules\protractor\node_modules\jasmine-core\lib\jasmine-core\jasmine.js:1916:24)
    at QueueRunner.run (C:\Users\makbar\AppData\Roaming\npm\node_modules\protractor\node_modules\jasmine-core\lib\jasmine-core\jasmine.js:1871:9)
    at QueueRunner.execute (C:\Users\makbar\AppData\Roaming\npm\node_modules\protractor\node_modules\jasmine-core\lib\jasmine-core\jasmine.js:1859:10)
    at Spec.Env.queueRunnerFactory (C:\Users\makbar\AppData\Roaming\npm\node_modules\protractor\node_modules\jasmine-core\lib\jasmine-core\jasmine.js:697:35)
    at Spec.execute (C:\Users\makbar\AppData\Roaming\npm\node_modules\protractor\node_modules\jasmine-core\lib\jasmine-core\jasmine.js:359:10)
    at Object.fn (C:\Users\makbar\AppData\Roaming\npm\node_modules\protractor\node_modules\jasmine-core\lib\jasmine-core\jasmine.js:2479:37)
    at attemptAsync (C:\Users\makbar\AppData\Roaming\npm\node_modules\protractor\node_modules\jasmine-core\lib\jasmine-core\jasmine.js:1916:24)
    at QueueRunner.run (C:\Users\makbar\AppData\Roaming\npm\node_modules\protractor\node_modules\jasmine-core\lib\jasmine-core\jasmine.js:1871:9)
    at C:\Users\makbar\AppData\Roaming\npm\node_modules\protractor\node_modules\jasmine-core\lib\jasmine-core\jasmine.js:1898:16
From asynchronous test: 
Error
    at Suite.&lt;anonymous&gt; (C:\Git\BlueprintSys\blueprint\blueprint-automationframework\UI-e2e-Tests\UI-e2e-Tests\UI-e2e-Tests\Specs\Storyteller\EditingNavigatingModalStorytellerSpec.ts:249:13)
    at addSpecsToSuite (C:\Users\makbar\AppData\Roaming\npm\node_modules\protractor\node_modules\jasmine-core\lib\jasmine-core\jasmine.js:833:25)
    at Env.describe (C:\Users\makbar\AppData\Roaming\npm\node_modules\protractor\node_modules\jasmine-core\lib\jasmine-core\jasmine.js:802:7)
    at jasmineInterface.describe (C:\Users\makbar\AppData\Roaming\npm\node_modules\protractor\node_modules\jasmine-core\lib\jasmine-core\jasmine.js:3375:18)
    at Suite.&lt;anonymous&gt; (C:\Git\BlueprintSys\blueprint\blueprint-automationframework\UI-e2e-Tests\UI-e2e-Tests\UI-e2e-Tests\Specs\Storyteller\EditingNavigatingModalStorytellerSpec.ts:190:5)
    at addSpecsToSuite (C:\Users\makbar\AppData\Roaming\npm\node_modules\protractor\node_modules\jasmine-core\lib\jasmine-core\jasmine.js:833:25)
    at Env.describe (C:\Users\makbar\AppData\Roaming\npm\node_modules\protractor\node_modules\jasmine-core\lib\jasmine-core\jasmine.js:802:7)
    at jasmineInterface.describe (C:\Users\makbar\AppData\Roaming\npm\node_modules\protractor\node_modules\jasmine-core\lib\jasmine-core\jasmine.js:3375:18)
    at Object.&lt;anonymous&gt; (C:\Git\BlueprintSys\blueprint\blueprint-automationframework\UI-e2e-Tests\UI-e2e-Tests\UI-e2e-Tests\Specs\Storyteller\EditingNavigatingModalStorytellerSpec.ts:15:1)</stack-trace>
			</failure>
		</test-case>
	</test-cases>
</ns2:test-suite>