<?xml version="1.0" encoding="UTF-8"?>
<ns2:test-suite xmlns:ns2="urn:model.allure.qatools.yandex.ru" start="1464316171554" stop="1464316363466">
	<name>Storyteller end to end test Editing-Navigating- Shapes and Info panel of Storyteller</name>
	<title>Storyteller end to end test Editing-Navigating- Shapes and Info panel of Storyteller</title>
	<test-cases>
		<test-case start="1464316171554" stop="1464316171805" status="failed">
			<name>Should be able to toggle to user system process</name>
			<title>Should be able to toggle to user system process</title>
			<description></description>
			<labels>
			</labels>
			<parameters>
			</parameters>
			<steps>
			</steps>
			<attachments>
				<attachment title="Screenshot" source="52615a4c-078b-4519-8319-e5c9d4c06b1f-attachment.png" type="image/png" size="17258"/>
			</attachments>
			<failure>
				<message>Failed: Cannot assign to read only property &apos;stack&apos; of Error while waiting for Protractor to sync with the page: &quot;window.angular is undefined.  This could be either because this is a non-angular page or because your test involves client-side navigation, which can interfere with Protractor&apos;s bootstrapping.  See http://git.io/v4gXM for details&quot;</message>
				<stack-trace>TypeError: Cannot assign to read only property &apos;stack&apos; of Error while waiting for Protractor to sync with the page: &quot;window.angular is undefined.  This could be either because this is a non-angular page or because your test involves client-side navigation, which can interfere with Protractor&apos;s bootstrapping.  See http://git.io/v4gXM for details&quot;
    at C:\Users\makbar\AppData\Roaming\npm\node_modules\protractor\built\element.js:377:21
    at Promise.invokeCallback_ (C:\Users\makbar\AppData\Roaming\npm\node_modules\protractor\node_modules\selenium-webdriver\lib\promise.js:1329:14)
    at TaskQueue.execute_ (C:\Users\makbar\AppData\Roaming\npm\node_modules\protractor\node_modules\selenium-webdriver\lib\promise.js:2790:14)
    at TaskQueue.executeNext_ (C:\Users\makbar\AppData\Roaming\npm\node_modules\protractor\node_modules\selenium-webdriver\lib\promise.js:2773:21)
    at C:\Users\makbar\AppData\Roaming\npm\node_modules\protractor\node_modules\selenium-webdriver\lib\promise.js:2652:27
    at C:\Users\makbar\AppData\Roaming\npm\node_modules\protractor\node_modules\selenium-webdriver\lib\promise.js:639:7
    at process._tickCallback (internal/process/next_tick.js:103:7)
From: Task: Run it(&quot;Should be able to toggle to user system process&quot;) in control flow
    at Object.&lt;anonymous&gt; (C:\Users\makbar\AppData\Roaming\npm\node_modules\protractor\node_modules\jasminewd2\index.js:81:14)
    at attemptAsync (C:\Users\makbar\AppData\Roaming\npm\node_modules\protractor\node_modules\jasmine-core\lib\jasmine-core\jasmine.js:1916:24)
    at QueueRunner.run (C:\Users\makbar\AppData\Roaming\npm\node_modules\protractor\node_modules\jasmine-core\lib\jasmine-core\jasmine.js:1871:9)
    at QueueRunner.execute (C:\Users\makbar\AppData\Roaming\npm\node_modules\protractor\node_modules\jasmine-core\lib\jasmine-core\jasmine.js:1859:10)
    at Spec.Env.queueRunnerFactory (C:\Users\makbar\AppData\Roaming\npm\node_modules\protractor\node_modules\jasmine-core\lib\jasmine-core\jasmine.js:697:35)
    at Spec.execute (C:\Users\makbar\AppData\Roaming\npm\node_modules\protractor\node_modules\jasmine-core\lib\jasmine-core\jasmine.js:359:10)
    at Object.fn (C:\Users\makbar\AppData\Roaming\npm\node_modules\protractor\node_modules\jasmine-core\lib\jasmine-core\jasmine.js:2479:37)
    at attemptAsync (C:\Users\makbar\AppData\Roaming\npm\node_modules\protractor\node_modules\jasmine-core\lib\jasmine-core\jasmine.js:1916:24)
    at QueueRunner.run (C:\Users\makbar\AppData\Roaming\npm\node_modules\protractor\node_modules\jasmine-core\lib\jasmine-core\jasmine.js:1871:9)
    at QueueRunner.execute (C:\Users\makbar\AppData\Roaming\npm\node_modules\protractor\node_modules\jasmine-core\lib\jasmine-core\jasmine.js:1859:10)
From asynchronous test: 
Error
    at Suite.&lt;anonymous&gt; (C:\Git\BlueprintSys\blueprint\blueprint-automationframework\UI-e2e-Tests\UI-e2e-Tests\UI-e2e-Tests\Specs\Storyteller\EditingNavigatingModalStorytellerSpec.ts:32:9)
    at addSpecsToSuite (C:\Users\makbar\AppData\Roaming\npm\node_modules\protractor\node_modules\jasmine-core\lib\jasmine-core\jasmine.js:833:25)
    at Env.describe (C:\Users\makbar\AppData\Roaming\npm\node_modules\protractor\node_modules\jasmine-core\lib\jasmine-core\jasmine.js:802:7)
    at jasmineInterface.describe (C:\Users\makbar\AppData\Roaming\npm\node_modules\protractor\node_modules\jasmine-core\lib\jasmine-core\jasmine.js:3375:18)
    at Suite.&lt;anonymous&gt; (C:\Git\BlueprintSys\blueprint\blueprint-automationframework\UI-e2e-Tests\UI-e2e-Tests\UI-e2e-Tests\Specs\Storyteller\EditingNavigatingModalStorytellerSpec.ts:28:5)
    at addSpecsToSuite (C:\Users\makbar\AppData\Roaming\npm\node_modules\protractor\node_modules\jasmine-core\lib\jasmine-core\jasmine.js:833:25)
    at Env.describe (C:\Users\makbar\AppData\Roaming\npm\node_modules\protractor\node_modules\jasmine-core\lib\jasmine-core\jasmine.js:802:7)
    at jasmineInterface.describe (C:\Users\makbar\AppData\Roaming\npm\node_modules\protractor\node_modules\jasmine-core\lib\jasmine-core\jasmine.js:3375:18)
    at Object.&lt;anonymous&gt; (C:\Git\BlueprintSys\blueprint\blueprint-automationframework\UI-e2e-Tests\UI-e2e-Tests\UI-e2e-Tests\Specs\Storyteller\EditingNavigatingModalStorytellerSpec.ts:15:1)</stack-trace>
			</failure>
		</test-case>
		<test-case start="1464316171805" stop="1464316177095" status="failed">
			<name>Should be able to publish the artifact</name>
			<title>Should be able to publish the artifact</title>
			<description></description>
			<labels>
			</labels>
			<parameters>
			</parameters>
			<steps>
			</steps>
			<attachments>
				<attachment title="Screenshot" source="e90c4d95-b5c9-4c37-b5f2-1b898e964c04-attachment.png" type="image/png" size="17258"/>
			</attachments>
			<failure>
				<message>Failed: Cannot assign to read only property &apos;stack&apos; of Error while waiting for Protractor to sync with the page: &quot;window.angular is undefined.  This could be either because this is a non-angular page or because your test involves client-side navigation, which can interfere with Protractor&apos;s bootstrapping.  See http://git.io/v4gXM for details&quot;</message>
				<stack-trace>TypeError: Cannot assign to read only property &apos;stack&apos; of Error while waiting for Protractor to sync with the page: &quot;window.angular is undefined.  This could be either because this is a non-angular page or because your test involves client-side navigation, which can interfere with Protractor&apos;s bootstrapping.  See http://git.io/v4gXM for details&quot;
    at C:\Users\makbar\AppData\Roaming\npm\node_modules\protractor\built\element.js:377:21
    at Promise.invokeCallback_ (C:\Users\makbar\AppData\Roaming\npm\node_modules\protractor\node_modules\selenium-webdriver\lib\promise.js:1329:14)
    at TaskQueue.execute_ (C:\Users\makbar\AppData\Roaming\npm\node_modules\protractor\node_modules\selenium-webdriver\lib\promise.js:2790:14)
    at TaskQueue.executeNext_ (C:\Users\makbar\AppData\Roaming\npm\node_modules\protractor\node_modules\selenium-webdriver\lib\promise.js:2773:21)
    at C:\Users\makbar\AppData\Roaming\npm\node_modules\protractor\node_modules\selenium-webdriver\lib\promise.js:2652:27
    at C:\Users\makbar\AppData\Roaming\npm\node_modules\protractor\node_modules\selenium-webdriver\lib\promise.js:639:7
    at process._tickCallback (internal/process/next_tick.js:103:7)
From: Task: Run it(&quot;Should be able to publish the artifact&quot;) in control flow
    at Object.&lt;anonymous&gt; (C:\Users\makbar\AppData\Roaming\npm\node_modules\protractor\node_modules\jasminewd2\index.js:81:14)
    at attemptAsync (C:\Users\makbar\AppData\Roaming\npm\node_modules\protractor\node_modules\jasmine-core\lib\jasmine-core\jasmine.js:1916:24)
    at QueueRunner.run (C:\Users\makbar\AppData\Roaming\npm\node_modules\protractor\node_modules\jasmine-core\lib\jasmine-core\jasmine.js:1871:9)
    at QueueRunner.execute (C:\Users\makbar\AppData\Roaming\npm\node_modules\protractor\node_modules\jasmine-core\lib\jasmine-core\jasmine.js:1859:10)
    at Spec.Env.queueRunnerFactory (C:\Users\makbar\AppData\Roaming\npm\node_modules\protractor\node_modules\jasmine-core\lib\jasmine-core\jasmine.js:697:35)
    at Spec.execute (C:\Users\makbar\AppData\Roaming\npm\node_modules\protractor\node_modules\jasmine-core\lib\jasmine-core\jasmine.js:359:10)
    at Object.fn (C:\Users\makbar\AppData\Roaming\npm\node_modules\protractor\node_modules\jasmine-core\lib\jasmine-core\jasmine.js:2479:37)
    at attemptAsync (C:\Users\makbar\AppData\Roaming\npm\node_modules\protractor\node_modules\jasmine-core\lib\jasmine-core\jasmine.js:1916:24)
    at QueueRunner.run (C:\Users\makbar\AppData\Roaming\npm\node_modules\protractor\node_modules\jasmine-core\lib\jasmine-core\jasmine.js:1871:9)
    at C:\Users\makbar\AppData\Roaming\npm\node_modules\protractor\node_modules\jasmine-core\lib\jasmine-core\jasmine.js:1898:16
From asynchronous test: 
Error
    at Suite.&lt;anonymous&gt; (C:\Git\BlueprintSys\blueprint\blueprint-automationframework\UI-e2e-Tests\UI-e2e-Tests\UI-e2e-Tests\Specs\Storyteller\EditingNavigatingModalStorytellerSpec.ts:42:9)
    at addSpecsToSuite (C:\Users\makbar\AppData\Roaming\npm\node_modules\protractor\node_modules\jasmine-core\lib\jasmine-core\jasmine.js:833:25)
    at Env.describe (C:\Users\makbar\AppData\Roaming\npm\node_modules\protractor\node_modules\jasmine-core\lib\jasmine-core\jasmine.js:802:7)
    at jasmineInterface.describe (C:\Users\makbar\AppData\Roaming\npm\node_modules\protractor\node_modules\jasmine-core\lib\jasmine-core\jasmine.js:3375:18)
    at Suite.&lt;anonymous&gt; (C:\Git\BlueprintSys\blueprint\blueprint-automationframework\UI-e2e-Tests\UI-e2e-Tests\UI-e2e-Tests\Specs\Storyteller\EditingNavigatingModalStorytellerSpec.ts:28:5)
    at addSpecsToSuite (C:\Users\makbar\AppData\Roaming\npm\node_modules\protractor\node_modules\jasmine-core\lib\jasmine-core\jasmine.js:833:25)
    at Env.describe (C:\Users\makbar\AppData\Roaming\npm\node_modules\protractor\node_modules\jasmine-core\lib\jasmine-core\jasmine.js:802:7)
    at jasmineInterface.describe (C:\Users\makbar\AppData\Roaming\npm\node_modules\protractor\node_modules\jasmine-core\lib\jasmine-core\jasmine.js:3375:18)
    at Object.&lt;anonymous&gt; (C:\Git\BlueprintSys\blueprint\blueprint-automationframework\UI-e2e-Tests\UI-e2e-Tests\UI-e2e-Tests\Specs\Storyteller\EditingNavigatingModalStorytellerSpec.ts:15:1)</stack-trace>
			</failure>
		</test-case>
		<test-case start="1464316177096" stop="1464316177353" status="failed">
			<name>Should be able generate user story</name>
			<title>Should be able generate user story</title>
			<description></description>
			<labels>
			</labels>
			<parameters>
			</parameters>
			<steps>
			</steps>
			<attachments>
				<attachment title="Screenshot" source="f27b03f4-b68a-43a5-b732-60eed6fe3a1d-attachment.png" type="image/png" size="17258"/>
			</attachments>
			<failure>
				<message>Failed: Cannot assign to read only property &apos;stack&apos; of Error while waiting for Protractor to sync with the page: &quot;window.angular is undefined.  This could be either because this is a non-angular page or because your test involves client-side navigation, which can interfere with Protractor&apos;s bootstrapping.  See http://git.io/v4gXM for details&quot;</message>
				<stack-trace>TypeError: Cannot assign to read only property &apos;stack&apos; of Error while waiting for Protractor to sync with the page: &quot;window.angular is undefined.  This could be either because this is a non-angular page or because your test involves client-side navigation, which can interfere with Protractor&apos;s bootstrapping.  See http://git.io/v4gXM for details&quot;
    at C:\Users\makbar\AppData\Roaming\npm\node_modules\protractor\built\element.js:377:21
    at Promise.invokeCallback_ (C:\Users\makbar\AppData\Roaming\npm\node_modules\protractor\node_modules\selenium-webdriver\lib\promise.js:1329:14)
    at TaskQueue.execute_ (C:\Users\makbar\AppData\Roaming\npm\node_modules\protractor\node_modules\selenium-webdriver\lib\promise.js:2790:14)
    at TaskQueue.executeNext_ (C:\Users\makbar\AppData\Roaming\npm\node_modules\protractor\node_modules\selenium-webdriver\lib\promise.js:2773:21)
    at C:\Users\makbar\AppData\Roaming\npm\node_modules\protractor\node_modules\selenium-webdriver\lib\promise.js:2652:27
    at C:\Users\makbar\AppData\Roaming\npm\node_modules\protractor\node_modules\selenium-webdriver\lib\promise.js:639:7
    at process._tickCallback (internal/process/next_tick.js:103:7)
From: Task: Run it(&quot;Should be able generate user story&quot;) in control flow
    at Object.&lt;anonymous&gt; (C:\Users\makbar\AppData\Roaming\npm\node_modules\protractor\node_modules\jasminewd2\index.js:81:14)
    at attemptAsync (C:\Users\makbar\AppData\Roaming\npm\node_modules\protractor\node_modules\jasmine-core\lib\jasmine-core\jasmine.js:1916:24)
    at QueueRunner.run (C:\Users\makbar\AppData\Roaming\npm\node_modules\protractor\node_modules\jasmine-core\lib\jasmine-core\jasmine.js:1871:9)
    at QueueRunner.execute (C:\Users\makbar\AppData\Roaming\npm\node_modules\protractor\node_modules\jasmine-core\lib\jasmine-core\jasmine.js:1859:10)
    at Spec.Env.queueRunnerFactory (C:\Users\makbar\AppData\Roaming\npm\node_modules\protractor\node_modules\jasmine-core\lib\jasmine-core\jasmine.js:697:35)
    at Spec.execute (C:\Users\makbar\AppData\Roaming\npm\node_modules\protractor\node_modules\jasmine-core\lib\jasmine-core\jasmine.js:359:10)
    at Object.fn (C:\Users\makbar\AppData\Roaming\npm\node_modules\protractor\node_modules\jasmine-core\lib\jasmine-core\jasmine.js:2479:37)
    at attemptAsync (C:\Users\makbar\AppData\Roaming\npm\node_modules\protractor\node_modules\jasmine-core\lib\jasmine-core\jasmine.js:1916:24)
    at QueueRunner.run (C:\Users\makbar\AppData\Roaming\npm\node_modules\protractor\node_modules\jasmine-core\lib\jasmine-core\jasmine.js:1871:9)
    at C:\Users\makbar\AppData\Roaming\npm\node_modules\protractor\node_modules\jasmine-core\lib\jasmine-core\jasmine.js:1898:16
From asynchronous test: 
Error
    at Suite.&lt;anonymous&gt; (C:\Git\BlueprintSys\blueprint\blueprint-automationframework\UI-e2e-Tests\UI-e2e-Tests\UI-e2e-Tests\Specs\Storyteller\EditingNavigatingModalStorytellerSpec.ts:51:9)
    at addSpecsToSuite (C:\Users\makbar\AppData\Roaming\npm\node_modules\protractor\node_modules\jasmine-core\lib\jasmine-core\jasmine.js:833:25)
    at Env.describe (C:\Users\makbar\AppData\Roaming\npm\node_modules\protractor\node_modules\jasmine-core\lib\jasmine-core\jasmine.js:802:7)
    at jasmineInterface.describe (C:\Users\makbar\AppData\Roaming\npm\node_modules\protractor\node_modules\jasmine-core\lib\jasmine-core\jasmine.js:3375:18)
    at Suite.&lt;anonymous&gt; (C:\Git\BlueprintSys\blueprint\blueprint-automationframework\UI-e2e-Tests\UI-e2e-Tests\UI-e2e-Tests\Specs\Storyteller\EditingNavigatingModalStorytellerSpec.ts:28:5)
    at addSpecsToSuite (C:\Users\makbar\AppData\Roaming\npm\node_modules\protractor\node_modules\jasmine-core\lib\jasmine-core\jasmine.js:833:25)
    at Env.describe (C:\Users\makbar\AppData\Roaming\npm\node_modules\protractor\node_modules\jasmine-core\lib\jasmine-core\jasmine.js:802:7)
    at jasmineInterface.describe (C:\Users\makbar\AppData\Roaming\npm\node_modules\protractor\node_modules\jasmine-core\lib\jasmine-core\jasmine.js:3375:18)
    at Object.&lt;anonymous&gt; (C:\Git\BlueprintSys\blueprint\blueprint-automationframework\UI-e2e-Tests\UI-e2e-Tests\UI-e2e-Tests\Specs\Storyteller\EditingNavigatingModalStorytellerSpec.ts:15:1)</stack-trace>
			</failure>
		</test-case>
		<test-case start="1464316177353" stop="1464316182635" status="failed">
			<name>Should be able to edit system precondition shape header</name>
			<title>Should be able to edit system precondition shape header</title>
			<description></description>
			<labels>
			</labels>
			<parameters>
			</parameters>
			<steps>
			</steps>
			<attachments>
				<attachment title="Screenshot" source="8f5ae853-f28b-433c-8a54-1b21e01a4588-attachment.png" type="image/png" size="17258"/>
			</attachments>
			<failure>
				<message>Failed: Error while waiting for Protractor to sync with the page: &quot;window.angular is undefined.  This could be either because this is a non-angular page or because your test involves client-side navigation, which can interfere with Protractor&apos;s bootstrapping.  See http://git.io/v4gXM for details&quot;</message>
				<stack-trace>Error: Failed: Error while waiting for Protractor to sync with the page: &quot;window.angular is undefined.  This could be either because this is a non-angular page or because your test involves client-side navigation, which can interfere with Protractor&apos;s bootstrapping.  See http://git.io/v4gXM for details&quot;
    at stack (C:\Users\makbar\AppData\Roaming\npm\node_modules\protractor\node_modules\jasmine-core\lib\jasmine-core\jasmine.js:1577:17)
    at buildExpectationResult (C:\Users\makbar\AppData\Roaming\npm\node_modules\protractor\node_modules\jasmine-core\lib\jasmine-core\jasmine.js:1547:14)
    at Spec.Env.expectationResultFactory (C:\Users\makbar\AppData\Roaming\npm\node_modules\protractor\node_modules\jasmine-core\lib\jasmine-core\jasmine.js:638:18)
    at Spec.addExpectationResult (C:\Users\makbar\AppData\Roaming\npm\node_modules\protractor\node_modules\jasmine-core\lib\jasmine-core\jasmine.js:330:34)
    at Env.fail (C:\Users\makbar\AppData\Roaming\npm\node_modules\protractor\node_modules\jasmine-core\lib\jasmine-core\jasmine.js:987:25)
    at Function.next.fail (C:\Users\makbar\AppData\Roaming\npm\node_modules\protractor\node_modules\jasmine-core\lib\jasmine-core\jasmine.js:1903:19)
    at C:\Users\makbar\AppData\Roaming\npm\node_modules\protractor\node_modules\jasminewd2\index.js:101:16
    at Promise.invokeCallback_ (C:\Users\makbar\AppData\Roaming\npm\node_modules\protractor\node_modules\selenium-webdriver\lib\promise.js:1329:14)
    at TaskQueue.execute_ (C:\Users\makbar\AppData\Roaming\npm\node_modules\protractor\node_modules\selenium-webdriver\lib\promise.js:2790:14)
    at TaskQueue.executeNext_ (C:\Users\makbar\AppData\Roaming\npm\node_modules\protractor\node_modules\selenium-webdriver\lib\promise.js:2773:21)</stack-trace>
			</failure>
		</test-case>
		<test-case start="1464316182636" stop="1464316182880" status="failed">
			<name>Should be able to edit user task shape header</name>
			<title>Should be able to edit user task shape header</title>
			<description></description>
			<labels>
			</labels>
			<parameters>
			</parameters>
			<steps>
			</steps>
			<attachments>
				<attachment title="Screenshot" source="71b9e5b8-2c20-477f-aa61-b2c6fb045fc6-attachment.png" type="image/png" size="17258"/>
			</attachments>
			<failure>
				<message>Failed: Error while waiting for Protractor to sync with the page: &quot;window.angular is undefined.  This could be either because this is a non-angular page or because your test involves client-side navigation, which can interfere with Protractor&apos;s bootstrapping.  See http://git.io/v4gXM for details&quot;</message>
				<stack-trace>Error: Failed: Error while waiting for Protractor to sync with the page: &quot;window.angular is undefined.  This could be either because this is a non-angular page or because your test involves client-side navigation, which can interfere with Protractor&apos;s bootstrapping.  See http://git.io/v4gXM for details&quot;
    at stack (C:\Users\makbar\AppData\Roaming\npm\node_modules\protractor\node_modules\jasmine-core\lib\jasmine-core\jasmine.js:1577:17)
    at buildExpectationResult (C:\Users\makbar\AppData\Roaming\npm\node_modules\protractor\node_modules\jasmine-core\lib\jasmine-core\jasmine.js:1547:14)
    at Spec.Env.expectationResultFactory (C:\Users\makbar\AppData\Roaming\npm\node_modules\protractor\node_modules\jasmine-core\lib\jasmine-core\jasmine.js:638:18)
    at Spec.addExpectationResult (C:\Users\makbar\AppData\Roaming\npm\node_modules\protractor\node_modules\jasmine-core\lib\jasmine-core\jasmine.js:330:34)
    at Env.fail (C:\Users\makbar\AppData\Roaming\npm\node_modules\protractor\node_modules\jasmine-core\lib\jasmine-core\jasmine.js:987:25)
    at Function.next.fail (C:\Users\makbar\AppData\Roaming\npm\node_modules\protractor\node_modules\jasmine-core\lib\jasmine-core\jasmine.js:1903:19)
    at C:\Users\makbar\AppData\Roaming\npm\node_modules\protractor\node_modules\jasminewd2\index.js:101:16
    at Promise.invokeCallback_ (C:\Users\makbar\AppData\Roaming\npm\node_modules\protractor\node_modules\selenium-webdriver\lib\promise.js:1329:14)
    at TaskQueue.execute_ (C:\Users\makbar\AppData\Roaming\npm\node_modules\protractor\node_modules\selenium-webdriver\lib\promise.js:2790:14)
    at TaskQueue.executeNext_ (C:\Users\makbar\AppData\Roaming\npm\node_modules\protractor\node_modules\selenium-webdriver\lib\promise.js:2773:21)</stack-trace>
			</failure>
		</test-case>
		<test-case start="1464316182881" stop="1464316183122" status="failed">
			<name>Should be able to edit system task shape header</name>
			<title>Should be able to edit system task shape header</title>
			<description></description>
			<labels>
			</labels>
			<parameters>
			</parameters>
			<steps>
			</steps>
			<attachments>
				<attachment title="Screenshot" source="8dbd55c8-d8d5-47b2-9c5a-b4e5c60e4a8f-attachment.png" type="image/png" size="17258"/>
			</attachments>
			<failure>
				<message>Failed: Error while waiting for Protractor to sync with the page: &quot;window.angular is undefined.  This could be either because this is a non-angular page or because your test involves client-side navigation, which can interfere with Protractor&apos;s bootstrapping.  See http://git.io/v4gXM for details&quot;</message>
				<stack-trace>Error: Failed: Error while waiting for Protractor to sync with the page: &quot;window.angular is undefined.  This could be either because this is a non-angular page or because your test involves client-side navigation, which can interfere with Protractor&apos;s bootstrapping.  See http://git.io/v4gXM for details&quot;
    at stack (C:\Users\makbar\AppData\Roaming\npm\node_modules\protractor\node_modules\jasmine-core\lib\jasmine-core\jasmine.js:1577:17)
    at buildExpectationResult (C:\Users\makbar\AppData\Roaming\npm\node_modules\protractor\node_modules\jasmine-core\lib\jasmine-core\jasmine.js:1547:14)
    at Spec.Env.expectationResultFactory (C:\Users\makbar\AppData\Roaming\npm\node_modules\protractor\node_modules\jasmine-core\lib\jasmine-core\jasmine.js:638:18)
    at Spec.addExpectationResult (C:\Users\makbar\AppData\Roaming\npm\node_modules\protractor\node_modules\jasmine-core\lib\jasmine-core\jasmine.js:330:34)
    at Env.fail (C:\Users\makbar\AppData\Roaming\npm\node_modules\protractor\node_modules\jasmine-core\lib\jasmine-core\jasmine.js:987:25)
    at Function.next.fail (C:\Users\makbar\AppData\Roaming\npm\node_modules\protractor\node_modules\jasmine-core\lib\jasmine-core\jasmine.js:1903:19)
    at C:\Users\makbar\AppData\Roaming\npm\node_modules\protractor\node_modules\jasminewd2\index.js:101:16
    at Promise.invokeCallback_ (C:\Users\makbar\AppData\Roaming\npm\node_modules\protractor\node_modules\selenium-webdriver\lib\promise.js:1329:14)
    at TaskQueue.execute_ (C:\Users\makbar\AppData\Roaming\npm\node_modules\protractor\node_modules\selenium-webdriver\lib\promise.js:2790:14)
    at TaskQueue.executeNext_ (C:\Users\makbar\AppData\Roaming\npm\node_modules\protractor\node_modules\selenium-webdriver\lib\promise.js:2773:21)</stack-trace>
			</failure>
		</test-case>
		<test-case start="1464316183122" stop="1464316183361" status="failed">
			<name>Should be able to edit system precondition shape body</name>
			<title>Should be able to edit system precondition shape body</title>
			<description></description>
			<labels>
			</labels>
			<parameters>
			</parameters>
			<steps>
			</steps>
			<attachments>
				<attachment title="Screenshot" source="63588b28-4162-4df7-9ebb-5187ba145fb4-attachment.png" type="image/png" size="17258"/>
			</attachments>
			<failure>
				<message>Failed: Error while waiting for Protractor to sync with the page: &quot;window.angular is undefined.  This could be either because this is a non-angular page or because your test involves client-side navigation, which can interfere with Protractor&apos;s bootstrapping.  See http://git.io/v4gXM for details&quot;</message>
				<stack-trace>Error: Failed: Error while waiting for Protractor to sync with the page: &quot;window.angular is undefined.  This could be either because this is a non-angular page or because your test involves client-side navigation, which can interfere with Protractor&apos;s bootstrapping.  See http://git.io/v4gXM for details&quot;
    at stack (C:\Users\makbar\AppData\Roaming\npm\node_modules\protractor\node_modules\jasmine-core\lib\jasmine-core\jasmine.js:1577:17)
    at buildExpectationResult (C:\Users\makbar\AppData\Roaming\npm\node_modules\protractor\node_modules\jasmine-core\lib\jasmine-core\jasmine.js:1547:14)
    at Spec.Env.expectationResultFactory (C:\Users\makbar\AppData\Roaming\npm\node_modules\protractor\node_modules\jasmine-core\lib\jasmine-core\jasmine.js:638:18)
    at Spec.addExpectationResult (C:\Users\makbar\AppData\Roaming\npm\node_modules\protractor\node_modules\jasmine-core\lib\jasmine-core\jasmine.js:330:34)
    at Env.fail (C:\Users\makbar\AppData\Roaming\npm\node_modules\protractor\node_modules\jasmine-core\lib\jasmine-core\jasmine.js:987:25)
    at Function.next.fail (C:\Users\makbar\AppData\Roaming\npm\node_modules\protractor\node_modules\jasmine-core\lib\jasmine-core\jasmine.js:1903:19)
    at C:\Users\makbar\AppData\Roaming\npm\node_modules\protractor\node_modules\jasminewd2\index.js:101:16
    at Promise.invokeCallback_ (C:\Users\makbar\AppData\Roaming\npm\node_modules\protractor\node_modules\selenium-webdriver\lib\promise.js:1329:14)
    at TaskQueue.execute_ (C:\Users\makbar\AppData\Roaming\npm\node_modules\protractor\node_modules\selenium-webdriver\lib\promise.js:2790:14)
    at TaskQueue.executeNext_ (C:\Users\makbar\AppData\Roaming\npm\node_modules\protractor\node_modules\selenium-webdriver\lib\promise.js:2773:21)</stack-trace>
			</failure>
		</test-case>
		<test-case start="1464316183362" stop="1464316183603" status="failed">
			<name>Should be able to edit user task shape body</name>
			<title>Should be able to edit user task shape body</title>
			<description></description>
			<labels>
			</labels>
			<parameters>
			</parameters>
			<steps>
			</steps>
			<attachments>
				<attachment title="Screenshot" source="d7ffb613-7888-44c1-a9ca-f7880013d1e8-attachment.png" type="image/png" size="17258"/>
			</attachments>
			<failure>
				<message>Failed: Error while waiting for Protractor to sync with the page: &quot;window.angular is undefined.  This could be either because this is a non-angular page or because your test involves client-side navigation, which can interfere with Protractor&apos;s bootstrapping.  See http://git.io/v4gXM for details&quot;</message>
				<stack-trace>Error: Failed: Error while waiting for Protractor to sync with the page: &quot;window.angular is undefined.  This could be either because this is a non-angular page or because your test involves client-side navigation, which can interfere with Protractor&apos;s bootstrapping.  See http://git.io/v4gXM for details&quot;
    at stack (C:\Users\makbar\AppData\Roaming\npm\node_modules\protractor\node_modules\jasmine-core\lib\jasmine-core\jasmine.js:1577:17)
    at buildExpectationResult (C:\Users\makbar\AppData\Roaming\npm\node_modules\protractor\node_modules\jasmine-core\lib\jasmine-core\jasmine.js:1547:14)
    at Spec.Env.expectationResultFactory (C:\Users\makbar\AppData\Roaming\npm\node_modules\protractor\node_modules\jasmine-core\lib\jasmine-core\jasmine.js:638:18)
    at Spec.addExpectationResult (C:\Users\makbar\AppData\Roaming\npm\node_modules\protractor\node_modules\jasmine-core\lib\jasmine-core\jasmine.js:330:34)
    at Env.fail (C:\Users\makbar\AppData\Roaming\npm\node_modules\protractor\node_modules\jasmine-core\lib\jasmine-core\jasmine.js:987:25)
    at Function.next.fail (C:\Users\makbar\AppData\Roaming\npm\node_modules\protractor\node_modules\jasmine-core\lib\jasmine-core\jasmine.js:1903:19)
    at C:\Users\makbar\AppData\Roaming\npm\node_modules\protractor\node_modules\jasminewd2\index.js:101:16
    at Promise.invokeCallback_ (C:\Users\makbar\AppData\Roaming\npm\node_modules\protractor\node_modules\selenium-webdriver\lib\promise.js:1329:14)
    at TaskQueue.execute_ (C:\Users\makbar\AppData\Roaming\npm\node_modules\protractor\node_modules\selenium-webdriver\lib\promise.js:2790:14)
    at TaskQueue.executeNext_ (C:\Users\makbar\AppData\Roaming\npm\node_modules\protractor\node_modules\selenium-webdriver\lib\promise.js:2773:21)</stack-trace>
			</failure>
		</test-case>
		<test-case start="1464316183604" stop="1464316183857" status="failed">
			<name>Should be able to edit system task shape body</name>
			<title>Should be able to edit system task shape body</title>
			<description></description>
			<labels>
			</labels>
			<parameters>
			</parameters>
			<steps>
			</steps>
			<attachments>
				<attachment title="Screenshot" source="b4942121-0911-4640-bd30-750eb4ae9bf3-attachment.png" type="image/png" size="17258"/>
			</attachments>
			<failure>
				<message>Failed: Error while waiting for Protractor to sync with the page: &quot;window.angular is undefined.  This could be either because this is a non-angular page or because your test involves client-side navigation, which can interfere with Protractor&apos;s bootstrapping.  See http://git.io/v4gXM for details&quot;</message>
				<stack-trace>Error: Failed: Error while waiting for Protractor to sync with the page: &quot;window.angular is undefined.  This could be either because this is a non-angular page or because your test involves client-side navigation, which can interfere with Protractor&apos;s bootstrapping.  See http://git.io/v4gXM for details&quot;
    at stack (C:\Users\makbar\AppData\Roaming\npm\node_modules\protractor\node_modules\jasmine-core\lib\jasmine-core\jasmine.js:1577:17)
    at buildExpectationResult (C:\Users\makbar\AppData\Roaming\npm\node_modules\protractor\node_modules\jasmine-core\lib\jasmine-core\jasmine.js:1547:14)
    at Spec.Env.expectationResultFactory (C:\Users\makbar\AppData\Roaming\npm\node_modules\protractor\node_modules\jasmine-core\lib\jasmine-core\jasmine.js:638:18)
    at Spec.addExpectationResult (C:\Users\makbar\AppData\Roaming\npm\node_modules\protractor\node_modules\jasmine-core\lib\jasmine-core\jasmine.js:330:34)
    at Env.fail (C:\Users\makbar\AppData\Roaming\npm\node_modules\protractor\node_modules\jasmine-core\lib\jasmine-core\jasmine.js:987:25)
    at Function.next.fail (C:\Users\makbar\AppData\Roaming\npm\node_modules\protractor\node_modules\jasmine-core\lib\jasmine-core\jasmine.js:1903:19)
    at C:\Users\makbar\AppData\Roaming\npm\node_modules\protractor\node_modules\jasminewd2\index.js:101:16
    at Promise.invokeCallback_ (C:\Users\makbar\AppData\Roaming\npm\node_modules\protractor\node_modules\selenium-webdriver\lib\promise.js:1329:14)
    at TaskQueue.execute_ (C:\Users\makbar\AppData\Roaming\npm\node_modules\protractor\node_modules\selenium-webdriver\lib\promise.js:2790:14)
    at TaskQueue.executeNext_ (C:\Users\makbar\AppData\Roaming\npm\node_modules\protractor\node_modules\selenium-webdriver\lib\promise.js:2773:21)</stack-trace>
			</failure>
		</test-case>
		<test-case start="1464316183857" stop="1464316184100" status="failed">
			<name>Should be able to navigate to info Panel when click a user task</name>
			<title>Should be able to navigate to info Panel when click a user task</title>
			<description></description>
			<labels>
			</labels>
			<parameters>
			</parameters>
			<steps>
			</steps>
			<attachments>
				<attachment title="Screenshot" source="d174eaec-d0f7-41e8-a41a-4ad92619c71a-attachment.png" type="image/png" size="17258"/>
			</attachments>
			<failure>
				<message>Failed: Error while waiting for Protractor to sync with the page: &quot;window.angular is undefined.  This could be either because this is a non-angular page or because your test involves client-side navigation, which can interfere with Protractor&apos;s bootstrapping.  See http://git.io/v4gXM for details&quot;</message>
				<stack-trace>Error: Failed: Error while waiting for Protractor to sync with the page: &quot;window.angular is undefined.  This could be either because this is a non-angular page or because your test involves client-side navigation, which can interfere with Protractor&apos;s bootstrapping.  See http://git.io/v4gXM for details&quot;
    at stack (C:\Users\makbar\AppData\Roaming\npm\node_modules\protractor\node_modules\jasmine-core\lib\jasmine-core\jasmine.js:1577:17)
    at buildExpectationResult (C:\Users\makbar\AppData\Roaming\npm\node_modules\protractor\node_modules\jasmine-core\lib\jasmine-core\jasmine.js:1547:14)
    at Spec.Env.expectationResultFactory (C:\Users\makbar\AppData\Roaming\npm\node_modules\protractor\node_modules\jasmine-core\lib\jasmine-core\jasmine.js:638:18)
    at Spec.addExpectationResult (C:\Users\makbar\AppData\Roaming\npm\node_modules\protractor\node_modules\jasmine-core\lib\jasmine-core\jasmine.js:330:34)
    at Env.fail (C:\Users\makbar\AppData\Roaming\npm\node_modules\protractor\node_modules\jasmine-core\lib\jasmine-core\jasmine.js:987:25)
    at Function.next.fail (C:\Users\makbar\AppData\Roaming\npm\node_modules\protractor\node_modules\jasmine-core\lib\jasmine-core\jasmine.js:1903:19)
    at C:\Users\makbar\AppData\Roaming\npm\node_modules\protractor\node_modules\jasminewd2\index.js:101:16
    at Promise.invokeCallback_ (C:\Users\makbar\AppData\Roaming\npm\node_modules\protractor\node_modules\selenium-webdriver\lib\promise.js:1329:14)
    at TaskQueue.execute_ (C:\Users\makbar\AppData\Roaming\npm\node_modules\protractor\node_modules\selenium-webdriver\lib\promise.js:2790:14)
    at TaskQueue.executeNext_ (C:\Users\makbar\AppData\Roaming\npm\node_modules\protractor\node_modules\selenium-webdriver\lib\promise.js:2773:21)</stack-trace>
			</failure>
		</test-case>
		<test-case start="1464316184101" stop="1464316184346" status="failed">
			<name>Should be able to navigate Properties tab</name>
			<title>Should be able to navigate Properties tab</title>
			<description></description>
			<labels>
			</labels>
			<parameters>
			</parameters>
			<steps>
			</steps>
			<attachments>
				<attachment title="Screenshot" source="7df743b2-a8b9-480f-bb8b-3a00ac58d413-attachment.png" type="image/png" size="17258"/>
			</attachments>
			<failure>
				<message>Failed: Cannot assign to read only property &apos;stack&apos; of Error while waiting for Protractor to sync with the page: &quot;window.angular is undefined.  This could be either because this is a non-angular page or because your test involves client-side navigation, which can interfere with Protractor&apos;s bootstrapping.  See http://git.io/v4gXM for details&quot;</message>
				<stack-trace>TypeError: Cannot assign to read only property &apos;stack&apos; of Error while waiting for Protractor to sync with the page: &quot;window.angular is undefined.  This could be either because this is a non-angular page or because your test involves client-side navigation, which can interfere with Protractor&apos;s bootstrapping.  See http://git.io/v4gXM for details&quot;
    at C:\Users\makbar\AppData\Roaming\npm\node_modules\protractor\built\element.js:377:21
    at Promise.invokeCallback_ (C:\Users\makbar\AppData\Roaming\npm\node_modules\protractor\node_modules\selenium-webdriver\lib\promise.js:1329:14)
    at TaskQueue.execute_ (C:\Users\makbar\AppData\Roaming\npm\node_modules\protractor\node_modules\selenium-webdriver\lib\promise.js:2790:14)
    at TaskQueue.executeNext_ (C:\Users\makbar\AppData\Roaming\npm\node_modules\protractor\node_modules\selenium-webdriver\lib\promise.js:2773:21)
    at C:\Users\makbar\AppData\Roaming\npm\node_modules\protractor\node_modules\selenium-webdriver\lib\promise.js:2652:27
    at C:\Users\makbar\AppData\Roaming\npm\node_modules\protractor\node_modules\selenium-webdriver\lib\promise.js:639:7
    at process._tickCallback (internal/process/next_tick.js:103:7)
From: Task: Run it(&quot;Should be able to navigate Properties tab&quot;) in control flow
    at Object.&lt;anonymous&gt; (C:\Users\makbar\AppData\Roaming\npm\node_modules\protractor\node_modules\jasminewd2\index.js:81:14)
    at attemptAsync (C:\Users\makbar\AppData\Roaming\npm\node_modules\protractor\node_modules\jasmine-core\lib\jasmine-core\jasmine.js:1916:24)
    at QueueRunner.run (C:\Users\makbar\AppData\Roaming\npm\node_modules\protractor\node_modules\jasmine-core\lib\jasmine-core\jasmine.js:1871:9)
    at QueueRunner.execute (C:\Users\makbar\AppData\Roaming\npm\node_modules\protractor\node_modules\jasmine-core\lib\jasmine-core\jasmine.js:1859:10)
    at Spec.Env.queueRunnerFactory (C:\Users\makbar\AppData\Roaming\npm\node_modules\protractor\node_modules\jasmine-core\lib\jasmine-core\jasmine.js:697:35)
    at Spec.execute (C:\Users\makbar\AppData\Roaming\npm\node_modules\protractor\node_modules\jasmine-core\lib\jasmine-core\jasmine.js:359:10)
    at Object.fn (C:\Users\makbar\AppData\Roaming\npm\node_modules\protractor\node_modules\jasmine-core\lib\jasmine-core\jasmine.js:2479:37)
    at attemptAsync (C:\Users\makbar\AppData\Roaming\npm\node_modules\protractor\node_modules\jasmine-core\lib\jasmine-core\jasmine.js:1916:24)
    at QueueRunner.run (C:\Users\makbar\AppData\Roaming\npm\node_modules\protractor\node_modules\jasmine-core\lib\jasmine-core\jasmine.js:1871:9)
    at C:\Users\makbar\AppData\Roaming\npm\node_modules\protractor\node_modules\jasmine-core\lib\jasmine-core\jasmine.js:1898:16
From asynchronous test: 
Error
    at Suite.&lt;anonymous&gt; (C:\Git\BlueprintSys\blueprint\blueprint-automationframework\UI-e2e-Tests\UI-e2e-Tests\UI-e2e-Tests\Specs\Storyteller\EditingNavigatingModalStorytellerSpec.ts:129:13)
    at addSpecsToSuite (C:\Users\makbar\AppData\Roaming\npm\node_modules\protractor\node_modules\jasmine-core\lib\jasmine-core\jasmine.js:833:25)
    at Env.describe (C:\Users\makbar\AppData\Roaming\npm\node_modules\protractor\node_modules\jasmine-core\lib\jasmine-core\jasmine.js:802:7)
    at jasmineInterface.describe (C:\Users\makbar\AppData\Roaming\npm\node_modules\protractor\node_modules\jasmine-core\lib\jasmine-core\jasmine.js:3375:18)
    at Suite.&lt;anonymous&gt; (C:\Git\BlueprintSys\blueprint\blueprint-automationframework\UI-e2e-Tests\UI-e2e-Tests\UI-e2e-Tests\Specs\Storyteller\EditingNavigatingModalStorytellerSpec.ts:28:5)
    at addSpecsToSuite (C:\Users\makbar\AppData\Roaming\npm\node_modules\protractor\node_modules\jasmine-core\lib\jasmine-core\jasmine.js:833:25)
    at Env.describe (C:\Users\makbar\AppData\Roaming\npm\node_modules\protractor\node_modules\jasmine-core\lib\jasmine-core\jasmine.js:802:7)
    at jasmineInterface.describe (C:\Users\makbar\AppData\Roaming\npm\node_modules\protractor\node_modules\jasmine-core\lib\jasmine-core\jasmine.js:3375:18)
    at Object.&lt;anonymous&gt; (C:\Git\BlueprintSys\blueprint\blueprint-automationframework\UI-e2e-Tests\UI-e2e-Tests\UI-e2e-Tests\Specs\Storyteller\EditingNavigatingModalStorytellerSpec.ts:15:1)</stack-trace>
			</failure>
		</test-case>
		<test-case start="1464316184346" stop="1464316184584" status="failed">
			<name>Should be able to navigate Discussion tab</name>
			<title>Should be able to navigate Discussion tab</title>
			<description></description>
			<labels>
			</labels>
			<parameters>
			</parameters>
			<steps>
			</steps>
			<attachments>
				<attachment title="Screenshot" source="e6ca629d-11b1-4358-8b3c-9f010b45f474-attachment.png" type="image/png" size="17258"/>
			</attachments>
			<failure>
				<message>Failed: Cannot assign to read only property &apos;stack&apos; of Error while waiting for Protractor to sync with the page: &quot;window.angular is undefined.  This could be either because this is a non-angular page or because your test involves client-side navigation, which can interfere with Protractor&apos;s bootstrapping.  See http://git.io/v4gXM for details&quot;</message>
				<stack-trace>TypeError: Cannot assign to read only property &apos;stack&apos; of Error while waiting for Protractor to sync with the page: &quot;window.angular is undefined.  This could be either because this is a non-angular page or because your test involves client-side navigation, which can interfere with Protractor&apos;s bootstrapping.  See http://git.io/v4gXM for details&quot;
    at C:\Users\makbar\AppData\Roaming\npm\node_modules\protractor\built\element.js:377:21
    at Promise.invokeCallback_ (C:\Users\makbar\AppData\Roaming\npm\node_modules\protractor\node_modules\selenium-webdriver\lib\promise.js:1329:14)
    at TaskQueue.execute_ (C:\Users\makbar\AppData\Roaming\npm\node_modules\protractor\node_modules\selenium-webdriver\lib\promise.js:2790:14)
    at TaskQueue.executeNext_ (C:\Users\makbar\AppData\Roaming\npm\node_modules\protractor\node_modules\selenium-webdriver\lib\promise.js:2773:21)
    at C:\Users\makbar\AppData\Roaming\npm\node_modules\protractor\node_modules\selenium-webdriver\lib\promise.js:2652:27
    at C:\Users\makbar\AppData\Roaming\npm\node_modules\protractor\node_modules\selenium-webdriver\lib\promise.js:639:7
    at process._tickCallback (internal/process/next_tick.js:103:7)
From: Task: Run it(&quot;Should be able to navigate Discussion tab&quot;) in control flow
    at Object.&lt;anonymous&gt; (C:\Users\makbar\AppData\Roaming\npm\node_modules\protractor\node_modules\jasminewd2\index.js:81:14)
    at attemptAsync (C:\Users\makbar\AppData\Roaming\npm\node_modules\protractor\node_modules\jasmine-core\lib\jasmine-core\jasmine.js:1916:24)
    at QueueRunner.run (C:\Users\makbar\AppData\Roaming\npm\node_modules\protractor\node_modules\jasmine-core\lib\jasmine-core\jasmine.js:1871:9)
    at QueueRunner.execute (C:\Users\makbar\AppData\Roaming\npm\node_modules\protractor\node_modules\jasmine-core\lib\jasmine-core\jasmine.js:1859:10)
    at Spec.Env.queueRunnerFactory (C:\Users\makbar\AppData\Roaming\npm\node_modules\protractor\node_modules\jasmine-core\lib\jasmine-core\jasmine.js:697:35)
    at Spec.execute (C:\Users\makbar\AppData\Roaming\npm\node_modules\protractor\node_modules\jasmine-core\lib\jasmine-core\jasmine.js:359:10)
    at Object.fn (C:\Users\makbar\AppData\Roaming\npm\node_modules\protractor\node_modules\jasmine-core\lib\jasmine-core\jasmine.js:2479:37)
    at attemptAsync (C:\Users\makbar\AppData\Roaming\npm\node_modules\protractor\node_modules\jasmine-core\lib\jasmine-core\jasmine.js:1916:24)
    at QueueRunner.run (C:\Users\makbar\AppData\Roaming\npm\node_modules\protractor\node_modules\jasmine-core\lib\jasmine-core\jasmine.js:1871:9)
    at C:\Users\makbar\AppData\Roaming\npm\node_modules\protractor\node_modules\jasmine-core\lib\jasmine-core\jasmine.js:1898:16
From asynchronous test: 
Error
    at Suite.&lt;anonymous&gt; (C:\Git\BlueprintSys\blueprint\blueprint-automationframework\UI-e2e-Tests\UI-e2e-Tests\UI-e2e-Tests\Specs\Storyteller\EditingNavigatingModalStorytellerSpec.ts:137:13)
    at addSpecsToSuite (C:\Users\makbar\AppData\Roaming\npm\node_modules\protractor\node_modules\jasmine-core\lib\jasmine-core\jasmine.js:833:25)
    at Env.describe (C:\Users\makbar\AppData\Roaming\npm\node_modules\protractor\node_modules\jasmine-core\lib\jasmine-core\jasmine.js:802:7)
    at jasmineInterface.describe (C:\Users\makbar\AppData\Roaming\npm\node_modules\protractor\node_modules\jasmine-core\lib\jasmine-core\jasmine.js:3375:18)
    at Suite.&lt;anonymous&gt; (C:\Git\BlueprintSys\blueprint\blueprint-automationframework\UI-e2e-Tests\UI-e2e-Tests\UI-e2e-Tests\Specs\Storyteller\EditingNavigatingModalStorytellerSpec.ts:28:5)
    at addSpecsToSuite (C:\Users\makbar\AppData\Roaming\npm\node_modules\protractor\node_modules\jasmine-core\lib\jasmine-core\jasmine.js:833:25)
    at Env.describe (C:\Users\makbar\AppData\Roaming\npm\node_modules\protractor\node_modules\jasmine-core\lib\jasmine-core\jasmine.js:802:7)
    at jasmineInterface.describe (C:\Users\makbar\AppData\Roaming\npm\node_modules\protractor\node_modules\jasmine-core\lib\jasmine-core\jasmine.js:3375:18)
    at Object.&lt;anonymous&gt; (C:\Git\BlueprintSys\blueprint\blueprint-automationframework\UI-e2e-Tests\UI-e2e-Tests\UI-e2e-Tests\Specs\Storyteller\EditingNavigatingModalStorytellerSpec.ts:15:1)</stack-trace>
			</failure>
		</test-case>
		<test-case start="1464316184584" stop="1464316186881" status="failed">
			<name>Should be able to post comment</name>
			<title>Should be able to post comment</title>
			<description></description>
			<labels>
			</labels>
			<parameters>
			</parameters>
			<steps>
			</steps>
			<attachments>
				<attachment title="Screenshot" source="147cfba1-137f-43c7-8ffa-1e180396a1f3-attachment.png" type="image/png" size="17258"/>
			</attachments>
			<failure>
				<message>Failed: Cannot assign to read only property &apos;stack&apos; of Error while waiting for Protractor to sync with the page: &quot;window.angular is undefined.  This could be either because this is a non-angular page or because your test involves client-side navigation, which can interfere with Protractor&apos;s bootstrapping.  See http://git.io/v4gXM for details&quot;</message>
				<stack-trace>TypeError: Cannot assign to read only property &apos;stack&apos; of Error while waiting for Protractor to sync with the page: &quot;window.angular is undefined.  This could be either because this is a non-angular page or because your test involves client-side navigation, which can interfere with Protractor&apos;s bootstrapping.  See http://git.io/v4gXM for details&quot;
    at C:\Users\makbar\AppData\Roaming\npm\node_modules\protractor\built\element.js:377:21
    at Promise.invokeCallback_ (C:\Users\makbar\AppData\Roaming\npm\node_modules\protractor\node_modules\selenium-webdriver\lib\promise.js:1329:14)
    at TaskQueue.execute_ (C:\Users\makbar\AppData\Roaming\npm\node_modules\protractor\node_modules\selenium-webdriver\lib\promise.js:2790:14)
    at TaskQueue.executeNext_ (C:\Users\makbar\AppData\Roaming\npm\node_modules\protractor\node_modules\selenium-webdriver\lib\promise.js:2773:21)
    at C:\Users\makbar\AppData\Roaming\npm\node_modules\protractor\node_modules\selenium-webdriver\lib\promise.js:2652:27
    at C:\Users\makbar\AppData\Roaming\npm\node_modules\protractor\node_modules\selenium-webdriver\lib\promise.js:639:7
    at process._tickCallback (internal/process/next_tick.js:103:7)
From: Task: Run it(&quot;Should be able to post comment&quot;) in control flow
    at Object.&lt;anonymous&gt; (C:\Users\makbar\AppData\Roaming\npm\node_modules\protractor\node_modules\jasminewd2\index.js:81:14)
    at attemptAsync (C:\Users\makbar\AppData\Roaming\npm\node_modules\protractor\node_modules\jasmine-core\lib\jasmine-core\jasmine.js:1916:24)
    at QueueRunner.run (C:\Users\makbar\AppData\Roaming\npm\node_modules\protractor\node_modules\jasmine-core\lib\jasmine-core\jasmine.js:1871:9)
    at QueueRunner.execute (C:\Users\makbar\AppData\Roaming\npm\node_modules\protractor\node_modules\jasmine-core\lib\jasmine-core\jasmine.js:1859:10)
    at Spec.Env.queueRunnerFactory (C:\Users\makbar\AppData\Roaming\npm\node_modules\protractor\node_modules\jasmine-core\lib\jasmine-core\jasmine.js:697:35)
    at Spec.execute (C:\Users\makbar\AppData\Roaming\npm\node_modules\protractor\node_modules\jasmine-core\lib\jasmine-core\jasmine.js:359:10)
    at Object.fn (C:\Users\makbar\AppData\Roaming\npm\node_modules\protractor\node_modules\jasmine-core\lib\jasmine-core\jasmine.js:2479:37)
    at attemptAsync (C:\Users\makbar\AppData\Roaming\npm\node_modules\protractor\node_modules\jasmine-core\lib\jasmine-core\jasmine.js:1916:24)
    at QueueRunner.run (C:\Users\makbar\AppData\Roaming\npm\node_modules\protractor\node_modules\jasmine-core\lib\jasmine-core\jasmine.js:1871:9)
    at C:\Users\makbar\AppData\Roaming\npm\node_modules\protractor\node_modules\jasmine-core\lib\jasmine-core\jasmine.js:1898:16
From asynchronous test: 
Error
    at Suite.&lt;anonymous&gt; (C:\Git\BlueprintSys\blueprint\blueprint-automationframework\UI-e2e-Tests\UI-e2e-Tests\UI-e2e-Tests\Specs\Storyteller\EditingNavigatingModalStorytellerSpec.ts:146:13)
    at addSpecsToSuite (C:\Users\makbar\AppData\Roaming\npm\node_modules\protractor\node_modules\jasmine-core\lib\jasmine-core\jasmine.js:833:25)
    at Env.describe (C:\Users\makbar\AppData\Roaming\npm\node_modules\protractor\node_modules\jasmine-core\lib\jasmine-core\jasmine.js:802:7)
    at jasmineInterface.describe (C:\Users\makbar\AppData\Roaming\npm\node_modules\protractor\node_modules\jasmine-core\lib\jasmine-core\jasmine.js:3375:18)
    at Suite.&lt;anonymous&gt; (C:\Git\BlueprintSys\blueprint\blueprint-automationframework\UI-e2e-Tests\UI-e2e-Tests\UI-e2e-Tests\Specs\Storyteller\EditingNavigatingModalStorytellerSpec.ts:28:5)
    at addSpecsToSuite (C:\Users\makbar\AppData\Roaming\npm\node_modules\protractor\node_modules\jasmine-core\lib\jasmine-core\jasmine.js:833:25)
    at Env.describe (C:\Users\makbar\AppData\Roaming\npm\node_modules\protractor\node_modules\jasmine-core\lib\jasmine-core\jasmine.js:802:7)
    at jasmineInterface.describe (C:\Users\makbar\AppData\Roaming\npm\node_modules\protractor\node_modules\jasmine-core\lib\jasmine-core\jasmine.js:3375:18)
    at Object.&lt;anonymous&gt; (C:\Git\BlueprintSys\blueprint\blueprint-automationframework\UI-e2e-Tests\UI-e2e-Tests\UI-e2e-Tests\Specs\Storyteller\EditingNavigatingModalStorytellerSpec.ts:15:1)</stack-trace>
			</failure>
		</test-case>
		<test-case start="1464316186882" stop="1464316237341" status="failed">
			<name>Should be able to navigate Files tab</name>
			<title>Should be able to navigate Files tab</title>
			<description></description>
			<labels>
			</labels>
			<parameters>
			</parameters>
			<steps>
			</steps>
			<attachments>
				<attachment title="Screenshot" source="b8467366-92ad-441b-8b4b-5807908449ed-attachment.png" type="image/png" size="17258"/>
			</attachments>
			<failure>
				<message>Expected [  ] to equal [ &apos;Files&apos; ].</message>
				<stack-trace>Error: Failed expectation
    at Object.&lt;anonymous&gt; (C:\Git\BlueprintSys\blueprint\blueprint-automationframework\UI-e2e-Tests\UI-e2e-Tests\UI-e2e-Tests\Specs\Storyteller\EditingNavigatingModalStorytellerSpec.ts:160:65)
    at C:\Users\makbar\AppData\Roaming\npm\node_modules\protractor\node_modules\jasminewd2\index.js:96:23
    at new Promise (C:\Users\makbar\AppData\Roaming\npm\node_modules\protractor\node_modules\selenium-webdriver\lib\promise.js:1043:7)
    at controlFlowExecute (C:\Users\makbar\AppData\Roaming\npm\node_modules\protractor\node_modules\jasminewd2\index.js:82:18)
    at TaskQueue.execute_ (C:\Users\makbar\AppData\Roaming\npm\node_modules\protractor\node_modules\selenium-webdriver\lib\promise.js:2790:14)
    at TaskQueue.executeNext_ (C:\Users\makbar\AppData\Roaming\npm\node_modules\protractor\node_modules\selenium-webdriver\lib\promise.js:2773:21)
    at C:\Users\makbar\AppData\Roaming\npm\node_modules\protractor\node_modules\selenium-webdriver\lib\promise.js:2697:25
    at C:\Users\makbar\AppData\Roaming\npm\node_modules\protractor\node_modules\selenium-webdriver\lib\promise.js:639:7
    at process._tickCallback (internal/process/next_tick.js:103:7)</stack-trace>
			</failure>
		</test-case>
		<test-case start="1464316237341" stop="1464316287745" status="failed">
			<name>Should be able to navigate Relationships tab</name>
			<title>Should be able to navigate Relationships tab</title>
			<description></description>
			<labels>
			</labels>
			<parameters>
			</parameters>
			<steps>
			</steps>
			<attachments>
				<attachment title="Screenshot" source="c1abc028-2b09-4a52-93e8-fe0e218fc9b9-attachment.png" type="image/png" size="17258"/>
			</attachments>
			<failure>
				<message>Expected [  ] to equal [ &apos;Relationships&apos; ].</message>
				<stack-trace>Error: Failed expectation
    at Object.&lt;anonymous&gt; (C:\Git\BlueprintSys\blueprint\blueprint-automationframework\UI-e2e-Tests\UI-e2e-Tests\UI-e2e-Tests\Specs\Storyteller\EditingNavigatingModalStorytellerSpec.ts:168:73)
    at C:\Users\makbar\AppData\Roaming\npm\node_modules\protractor\node_modules\jasminewd2\index.js:96:23
    at new Promise (C:\Users\makbar\AppData\Roaming\npm\node_modules\protractor\node_modules\selenium-webdriver\lib\promise.js:1043:7)
    at controlFlowExecute (C:\Users\makbar\AppData\Roaming\npm\node_modules\protractor\node_modules\jasminewd2\index.js:82:18)
    at TaskQueue.execute_ (C:\Users\makbar\AppData\Roaming\npm\node_modules\protractor\node_modules\selenium-webdriver\lib\promise.js:2790:14)
    at TaskQueue.executeNext_ (C:\Users\makbar\AppData\Roaming\npm\node_modules\protractor\node_modules\selenium-webdriver\lib\promise.js:2773:21)
    at C:\Users\makbar\AppData\Roaming\npm\node_modules\protractor\node_modules\selenium-webdriver\lib\promise.js:2697:25
    at C:\Users\makbar\AppData\Roaming\npm\node_modules\protractor\node_modules\selenium-webdriver\lib\promise.js:639:7
    at process._tickCallback (internal/process/next_tick.js:103:7)</stack-trace>
			</failure>
		</test-case>
		<test-case start="1464316287746" stop="1464316338091" status="failed">
			<name>Should be able to navigate History tab</name>
			<title>Should be able to navigate History tab</title>
			<description></description>
			<labels>
			</labels>
			<parameters>
			</parameters>
			<steps>
			</steps>
			<attachments>
				<attachment title="Screenshot" source="123dd71e-5ad9-407b-85ff-ca7a37ed9c33-attachment.png" type="image/png" size="17258"/>
			</attachments>
			<failure>
				<message>Expected [  ] to equal [ &apos;History&apos; ].</message>
				<stack-trace>Error: Failed expectation
    at Object.&lt;anonymous&gt; (C:\Git\BlueprintSys\blueprint\blueprint-automationframework\UI-e2e-Tests\UI-e2e-Tests\UI-e2e-Tests\Specs\Storyteller\EditingNavigatingModalStorytellerSpec.ts:176:67)
    at C:\Users\makbar\AppData\Roaming\npm\node_modules\protractor\node_modules\jasminewd2\index.js:96:23
    at new Promise (C:\Users\makbar\AppData\Roaming\npm\node_modules\protractor\node_modules\selenium-webdriver\lib\promise.js:1043:7)
    at controlFlowExecute (C:\Users\makbar\AppData\Roaming\npm\node_modules\protractor\node_modules\jasminewd2\index.js:82:18)
    at TaskQueue.execute_ (C:\Users\makbar\AppData\Roaming\npm\node_modules\protractor\node_modules\selenium-webdriver\lib\promise.js:2790:14)
    at TaskQueue.executeNext_ (C:\Users\makbar\AppData\Roaming\npm\node_modules\protractor\node_modules\selenium-webdriver\lib\promise.js:2773:21)
    at C:\Users\makbar\AppData\Roaming\npm\node_modules\protractor\node_modules\selenium-webdriver\lib\promise.js:2697:25
    at C:\Users\makbar\AppData\Roaming\npm\node_modules\protractor\node_modules\selenium-webdriver\lib\promise.js:639:7
    at process._tickCallback (internal/process/next_tick.js:103:7)</stack-trace>
			</failure>
		</test-case>
		<test-case start="1464316338091" stop="1464316363465" status="failed">
			<name>Should be able to close info Panel</name>
			<title>Should be able to close info Panel</title>
			<description></description>
			<labels>
			</labels>
			<parameters>
			</parameters>
			<steps>
			</steps>
			<attachments>
				<attachment title="Screenshot" source="320b2ceb-9075-48ae-babf-064b771c60ca-attachment.png" type="image/png" size="17258"/>
			</attachments>
			<failure>
				<message>Failed: No element found using locator: By(css selector, .k-icon.k-i-close)</message>
				<stack-trace>NoSuchElementError: No element found using locator: By(css selector, .k-icon.k-i-close)
    at WebDriverError (C:\Users\makbar\AppData\Roaming\npm\node_modules\protractor\node_modules\selenium-webdriver\error.js:26:26)
    at NoSuchElementError (C:\Users\makbar\AppData\Roaming\npm\node_modules\protractor\node_modules\selenium-webdriver\error.js:229:26)
    at C:\Users\makbar\AppData\Roaming\npm\node_modules\protractor\built\element.js:662:27
    at Promise.invokeCallback_ (C:\Users\makbar\AppData\Roaming\npm\node_modules\protractor\node_modules\selenium-webdriver\lib\promise.js:1329:14)
    at TaskQueue.execute_ (C:\Users\makbar\AppData\Roaming\npm\node_modules\protractor\node_modules\selenium-webdriver\lib\promise.js:2790:14)
    at TaskQueue.executeNext_ (C:\Users\makbar\AppData\Roaming\npm\node_modules\protractor\node_modules\selenium-webdriver\lib\promise.js:2773:21)
    at C:\Users\makbar\AppData\Roaming\npm\node_modules\protractor\node_modules\selenium-webdriver\lib\promise.js:2652:27
    at C:\Users\makbar\AppData\Roaming\npm\node_modules\protractor\node_modules\selenium-webdriver\lib\promise.js:639:7
    at process._tickCallback (internal/process/next_tick.js:103:7)
Error
    at ElementArrayFinder.applyAction_ (C:\Users\makbar\AppData\Roaming\npm\node_modules\protractor\built\element.js:371:27)
    at ElementArrayFinder._this.(anonymous function) [as click] (C:\Users\makbar\AppData\Roaming\npm\node_modules\protractor\built\element.js:83:30)
    at ElementFinder._this.(anonymous function) [as click] (C:\Users\makbar\AppData\Roaming\npm\node_modules\protractor\built\element.js:685:22)
    at Object.&lt;anonymous&gt; (C:\Git\BlueprintSys\blueprint\blueprint-automationframework\UI-e2e-Tests\UI-e2e-Tests\UI-e2e-Tests\Specs\Storyteller\EditingNavigatingModalStorytellerSpec.ts:181:53)
    at C:\Users\makbar\AppData\Roaming\npm\node_modules\protractor\node_modules\jasminewd2\index.js:96:23
    at new Promise (C:\Users\makbar\AppData\Roaming\npm\node_modules\protractor\node_modules\selenium-webdriver\lib\promise.js:1043:7)
    at controlFlowExecute (C:\Users\makbar\AppData\Roaming\npm\node_modules\protractor\node_modules\jasminewd2\index.js:82:18)
    at TaskQueue.execute_ (C:\Users\makbar\AppData\Roaming\npm\node_modules\protractor\node_modules\selenium-webdriver\lib\promise.js:2790:14)
    at TaskQueue.executeNext_ (C:\Users\makbar\AppData\Roaming\npm\node_modules\protractor\node_modules\selenium-webdriver\lib\promise.js:2773:21)
    at C:\Users\makbar\AppData\Roaming\npm\node_modules\protractor\node_modules\selenium-webdriver\lib\promise.js:2697:25
From: Task: Run it(&quot;Should be able to close info Panel&quot;) in control flow
    at Object.&lt;anonymous&gt; (C:\Users\makbar\AppData\Roaming\npm\node_modules\protractor\node_modules\jasminewd2\index.js:81:14)
    at attemptAsync (C:\Users\makbar\AppData\Roaming\npm\node_modules\protractor\node_modules\jasmine-core\lib\jasmine-core\jasmine.js:1916:24)
    at QueueRunner.run (C:\Users\makbar\AppData\Roaming\npm\node_modules\protractor\node_modules\jasmine-core\lib\jasmine-core\jasmine.js:1871:9)
    at QueueRunner.execute (C:\Users\makbar\AppData\Roaming\npm\node_modules\protractor\node_modules\jasmine-core\lib\jasmine-core\jasmine.js:1859:10)
    at Spec.Env.queueRunnerFactory (C:\Users\makbar\AppData\Roaming\npm\node_modules\protractor\node_modules\jasmine-core\lib\jasmine-core\jasmine.js:697:35)
    at Spec.execute (C:\Users\makbar\AppData\Roaming\npm\node_modules\protractor\node_modules\jasmine-core\lib\jasmine-core\jasmine.js:359:10)
    at Object.fn (C:\Users\makbar\AppData\Roaming\npm\node_modules\protractor\node_modules\jasmine-core\lib\jasmine-core\jasmine.js:2479:37)
    at attemptAsync (C:\Users\makbar\AppData\Roaming\npm\node_modules\protractor\node_modules\jasmine-core\lib\jasmine-core\jasmine.js:1916:24)
    at QueueRunner.run (C:\Users\makbar\AppData\Roaming\npm\node_modules\protractor\node_modules\jasmine-core\lib\jasmine-core\jasmine.js:1871:9)
    at C:\Users\makbar\AppData\Roaming\npm\node_modules\protractor\node_modules\jasmine-core\lib\jasmine-core\jasmine.js:1898:16
From asynchronous test: 
Error
    at Suite.&lt;anonymous&gt; (C:\Git\BlueprintSys\blueprint\blueprint-automationframework\UI-e2e-Tests\UI-e2e-Tests\UI-e2e-Tests\Specs\Storyteller\EditingNavigatingModalStorytellerSpec.ts:179:13)
    at addSpecsToSuite (C:\Users\makbar\AppData\Roaming\npm\node_modules\protractor\node_modules\jasmine-core\lib\jasmine-core\jasmine.js:833:25)
    at Env.describe (C:\Users\makbar\AppData\Roaming\npm\node_modules\protractor\node_modules\jasmine-core\lib\jasmine-core\jasmine.js:802:7)
    at jasmineInterface.describe (C:\Users\makbar\AppData\Roaming\npm\node_modules\protractor\node_modules\jasmine-core\lib\jasmine-core\jasmine.js:3375:18)
    at Suite.&lt;anonymous&gt; (C:\Git\BlueprintSys\blueprint\blueprint-automationframework\UI-e2e-Tests\UI-e2e-Tests\UI-e2e-Tests\Specs\Storyteller\EditingNavigatingModalStorytellerSpec.ts:28:5)
    at addSpecsToSuite (C:\Users\makbar\AppData\Roaming\npm\node_modules\protractor\node_modules\jasmine-core\lib\jasmine-core\jasmine.js:833:25)
    at Env.describe (C:\Users\makbar\AppData\Roaming\npm\node_modules\protractor\node_modules\jasmine-core\lib\jasmine-core\jasmine.js:802:7)
    at jasmineInterface.describe (C:\Users\makbar\AppData\Roaming\npm\node_modules\protractor\node_modules\jasmine-core\lib\jasmine-core\jasmine.js:3375:18)
    at Object.&lt;anonymous&gt; (C:\Git\BlueprintSys\blueprint\blueprint-automationframework\UI-e2e-Tests\UI-e2e-Tests\UI-e2e-Tests\Specs\Storyteller\EditingNavigatingModalStorytellerSpec.ts:15:1)</stack-trace>
			</failure>
		</test-case>
	</test-cases>
</ns2:test-suite>