<?xml version="1.0" encoding="UTF-8"?>
<ns2:test-suite xmlns:ns2="urn:model.allure.qatools.yandex.ru" start="1463504287877" stop="1463504308854">
	<name>EditingNavigatingModalStoryteller</name>
	<title>EditingNavigatingModalStoryteller</title>
	<test-cases>
		<test-case start="1463504287879" stop="1463504288231" status="passed">
			<name>Should be able to toggle to user system process</name>
			<title>Should be able to toggle to user system process</title>
			<description></description>
			<labels>
			</labels>
			<parameters>
			</parameters>
			<steps>
			</steps>
			<attachments>
				<attachment title="Screenshot" source="0a00ee27-76ce-48d7-ae1d-903961ff527f-attachment.png" type="image/png" size="95738"/>
			</attachments>
		</test-case>
		<test-case start="1463504288232" stop="1463504289191" status="passed">
			<name>Should be able to publish the artifact</name>
			<title>Should be able to publish the artifact</title>
			<description></description>
			<labels>
			</labels>
			<parameters>
			</parameters>
			<steps>
			</steps>
			<attachments>
				<attachment title="Screenshot" source="752ca6f7-6e1d-470b-a168-48b780f738f2-attachment.png" type="image/png" size="108018"/>
			</attachments>
		</test-case>
		<test-case start="1463504289192" stop="1463504296899" status="passed">
			<name>Should be able to edit system precondition shape header</name>
			<title>Should be able to edit system precondition shape header</title>
			<description></description>
			<labels>
			</labels>
			<parameters>
			</parameters>
			<steps>
			</steps>
			<attachments>
				<attachment title="Screenshot" source="f223aa70-4a13-4ce9-93f5-022c168e0812-attachment.png" type="image/png" size="98576"/>
			</attachments>
		</test-case>
		<test-case start="1463504296899" stop="1463504297296" status="passed">
			<name>Should be able to edit user task shape header</name>
			<title>Should be able to edit user task shape header</title>
			<description></description>
			<labels>
			</labels>
			<parameters>
			</parameters>
			<steps>
			</steps>
			<attachments>
				<attachment title="Screenshot" source="242b6a5c-64cf-45d7-b2dd-218987a828b8-attachment.png" type="image/png" size="98780"/>
			</attachments>
		</test-case>
		<test-case start="1463504297296" stop="1463504297672" status="passed">
			<name>Should be able to edit system task shape header</name>
			<title>Should be able to edit system task shape header</title>
			<description></description>
			<labels>
			</labels>
			<parameters>
			</parameters>
			<steps>
			</steps>
			<attachments>
				<attachment title="Screenshot" source="c0beca9a-edde-4639-9fc0-301e3f99123a-attachment.png" type="image/png" size="98254"/>
			</attachments>
		</test-case>
		<test-case start="1463504297673" stop="1463504298078" status="passed">
			<name>Should be able to edit system precondition shape body</name>
			<title>Should be able to edit system precondition shape body</title>
			<description></description>
			<labels>
			</labels>
			<parameters>
			</parameters>
			<steps>
			</steps>
			<attachments>
				<attachment title="Screenshot" source="504a66ab-4019-4292-9e7b-d2f42433fde5-attachment.png" type="image/png" size="98136"/>
			</attachments>
		</test-case>
		<test-case start="1463504298078" stop="1463504303480" status="failed">
			<name>Should be able to edit System task shape body</name>
			<title>Should be able to edit System task shape body</title>
			<description></description>
			<labels>
			</labels>
			<parameters>
			</parameters>
			<steps>
			</steps>
			<attachments>
				<attachment title="Screenshot" source="2951afa9-dcb6-4cbd-b415-2287b3b586ea-attachment.png" type="image/png" size="99627"/>
			</attachments>
			<failure>
				<message>Expected &apos;User_T1B&apos; to be &apos;Sys_T2B&apos;.</message>
				<stack-trace>Error: Failed expectation
    at Object.&lt;anonymous&gt; (C:\Git\BlueprintSys\blueprint\blueprint-automationframework\UI-e2e-Tests\UI-e2e-Tests\UI-e2e-Tests\Specs\Storyteller\EditingNavigatingModalStorytellerSpec.ts:79:55)
    at C:\Users\makbar\AppData\Roaming\npm\node_modules\protractor\node_modules\jasminewd2\index.js:96:23
    at new Promise (C:\Users\makbar\AppData\Roaming\npm\node_modules\protractor\node_modules\selenium-webdriver\lib\promise.js:1043:7)
    at controlFlowExecute (C:\Users\makbar\AppData\Roaming\npm\node_modules\protractor\node_modules\jasminewd2\index.js:82:18)
    at TaskQueue.execute_ (C:\Users\makbar\AppData\Roaming\npm\node_modules\protractor\node_modules\selenium-webdriver\lib\promise.js:2790:14)
    at TaskQueue.executeNext_ (C:\Users\makbar\AppData\Roaming\npm\node_modules\protractor\node_modules\selenium-webdriver\lib\promise.js:2773:21)
    at C:\Users\makbar\AppData\Roaming\npm\node_modules\protractor\node_modules\selenium-webdriver\lib\promise.js:2697:25
    at C:\Users\makbar\AppData\Roaming\npm\node_modules\protractor\node_modules\selenium-webdriver\lib\promise.js:639:7
    at process._tickCallback (internal/process/next_tick.js:103:7)</stack-trace>
			</failure>
		</test-case>
		<test-case start="1463504303480" stop="1463504308854" status="failed">
			<name>Should be able to edit user task shape body</name>
			<title>Should be able to edit user task shape body</title>
			<description></description>
			<labels>
			</labels>
			<parameters>
			</parameters>
			<steps>
			</steps>
			<attachments>
				<attachment title="Screenshot" source="cedddc42-b048-4f23-883f-0f95babfc508-attachment.png" type="image/png" size="101082"/>
			</attachments>
			<failure>
				<message>Expected &apos;Sys_T2B&apos; to be &apos;User_T1B&apos;.</message>
				<stack-trace>Error: Failed expectation
    at Object.&lt;anonymous&gt; (C:\Git\BlueprintSys\blueprint\blueprint-automationframework\UI-e2e-Tests\UI-e2e-Tests\UI-e2e-Tests\Specs\Storyteller\EditingNavigatingModalStorytellerSpec.ts:89:55)
    at C:\Users\makbar\AppData\Roaming\npm\node_modules\protractor\node_modules\jasminewd2\index.js:96:23
    at new Promise (C:\Users\makbar\AppData\Roaming\npm\node_modules\protractor\node_modules\selenium-webdriver\lib\promise.js:1043:7)
    at controlFlowExecute (C:\Users\makbar\AppData\Roaming\npm\node_modules\protractor\node_modules\jasminewd2\index.js:82:18)
    at TaskQueue.execute_ (C:\Users\makbar\AppData\Roaming\npm\node_modules\protractor\node_modules\selenium-webdriver\lib\promise.js:2790:14)
    at TaskQueue.executeNext_ (C:\Users\makbar\AppData\Roaming\npm\node_modules\protractor\node_modules\selenium-webdriver\lib\promise.js:2773:21)
    at C:\Users\makbar\AppData\Roaming\npm\node_modules\protractor\node_modules\selenium-webdriver\lib\promise.js:2697:25
    at C:\Users\makbar\AppData\Roaming\npm\node_modules\protractor\node_modules\selenium-webdriver\lib\promise.js:639:7
    at process._tickCallback (internal/process/next_tick.js:103:7)</stack-trace>
			</failure>
		</test-case>
	</test-cases>
</ns2:test-suite>