<?xml version="1.0" encoding="UTF-8"?>
<ns2:test-suite xmlns:ns2="urn:model.allure.qatools.yandex.ru" start="1462937196222" stop="1462937272523">
	<name>EditingNavigatingModalStoryteller</name>
	<title>EditingNavigatingModalStoryteller</title>
	<test-cases>
		<test-case start="1462937196222" stop="1462937206552" status="passed">
			<name>enter user name</name>
			<title>enter user name</title>
			<description></description>
			<labels>
			</labels>
			<parameters>
			</parameters>
			<steps>
			</steps>
			<attachments>
				<attachment title="Screenshot" source="f7714378-ad29-4aa6-b42d-f934b4d5e1df-attachment.png" type="image/png" size="95691"/>
			</attachments>
		</test-case>
		<test-case start="1462937206553" stop="1462937216894" status="passed">
			<name>Verify user can publish the artifact</name>
			<title>Verify user can publish the artifact</title>
			<description></description>
			<labels>
			</labels>
			<parameters>
			</parameters>
			<steps>
			</steps>
			<attachments>
				<attachment title="Screenshot" source="2c245df8-9d0e-41da-9f38-a7e5955f01d9-attachment.png" type="image/png" size="109024"/>
			</attachments>
		</test-case>
		<test-case start="1462937216895" stop="1462937232269" status="passed">
			<name>Verify user task Panel Icon</name>
			<title>Verify user task Panel Icon</title>
			<description></description>
			<labels>
			</labels>
			<parameters>
			</parameters>
			<steps>
			</steps>
			<attachments>
				<attachment title="Screenshot" source="b41fce4d-2d0e-4f12-bb3e-ba042dae2424-attachment.png" type="image/png" size="111167"/>
			</attachments>
		</test-case>
		<test-case start="1462937232270" stop="1462937238148" status="failed">
			<name>Verify user task Panel has Properties tab</name>
			<title>Verify user task Panel has Properties tab</title>
			<description></description>
			<labels>
			</labels>
			<parameters>
			</parameters>
			<steps>
			</steps>
			<attachments>
				<attachment title="Screenshot" source="410e9846-52e7-4b7b-99b9-c613b73d264e-attachment.png" type="image/png" size="111167"/>
			</attachments>
			<failure>
				<message>Expected [ &apos;&apos; ] to equal [ &apos;Properties&apos; ].</message>
				<stack-trace>Error: Failed expectation
    at Function.Svgelementspages.verifyPanelProperties (C:\Git\BlueprintSys\blueprint\blueprint-automationframework\UI-e2e-Tests\UI-e2e-Tests\UI-e2e-Tests\Pages\StorytellerPages\SvgElementsPage.ts:141:28)
    at Object.&lt;anonymous&gt; (C:\Git\BlueprintSys\blueprint\blueprint-automationframework\UI-e2e-Tests\UI-e2e-Tests\UI-e2e-Tests\Specs\Storyteller\EditingNavigatingModalStorytellerSpec.ts:41:29)
    at C:\Users\makbar\AppData\Roaming\npm\node_modules\protractor\node_modules\jasminewd2\index.js:96:23
    at new Promise (C:\Users\makbar\AppData\Roaming\npm\node_modules\protractor\node_modules\selenium-webdriver\lib\promise.js:1043:7)
    at controlFlowExecute (C:\Users\makbar\AppData\Roaming\npm\node_modules\protractor\node_modules\jasminewd2\index.js:82:18)
    at TaskQueue.execute_ (C:\Users\makbar\AppData\Roaming\npm\node_modules\protractor\node_modules\selenium-webdriver\lib\promise.js:2790:14)
    at TaskQueue.executeNext_ (C:\Users\makbar\AppData\Roaming\npm\node_modules\protractor\node_modules\selenium-webdriver\lib\promise.js:2773:21)
    at C:\Users\makbar\AppData\Roaming\npm\node_modules\protractor\node_modules\selenium-webdriver\lib\promise.js:2697:25
    at C:\Users\makbar\AppData\Roaming\npm\node_modules\protractor\node_modules\selenium-webdriver\lib\promise.js:639:7</stack-trace>
			</failure>
		</test-case>
		<test-case start="1462937238149" stop="1462937243996" status="failed">
			<name>Verify user task Panel has Discussion tab</name>
			<title>Verify user task Panel has Discussion tab</title>
			<description></description>
			<labels>
			</labels>
			<parameters>
			</parameters>
			<steps>
			</steps>
			<attachments>
				<attachment title="Screenshot" source="ea7b3d44-37bd-49a1-989c-f1d3282c1cfb-attachment.png" type="image/png" size="111167"/>
			</attachments>
			<failure>
				<message>Expected [ &apos;&apos; ] to equal [ &apos;Discussions&apos; ].</message>
				<stack-trace>Error: Failed expectation
    at Function.Svgelementspages.verifyPanelDiscussion (C:\Git\BlueprintSys\blueprint\blueprint-automationframework\UI-e2e-Tests\UI-e2e-Tests\UI-e2e-Tests\Pages\StorytellerPages\SvgElementsPage.ts:135:28)
    at Object.&lt;anonymous&gt; (C:\Git\BlueprintSys\blueprint\blueprint-automationframework\UI-e2e-Tests\UI-e2e-Tests\UI-e2e-Tests\Specs\Storyteller\EditingNavigatingModalStorytellerSpec.ts:47:29)
    at C:\Users\makbar\AppData\Roaming\npm\node_modules\protractor\node_modules\jasminewd2\index.js:96:23
    at new Promise (C:\Users\makbar\AppData\Roaming\npm\node_modules\protractor\node_modules\selenium-webdriver\lib\promise.js:1043:7)
    at controlFlowExecute (C:\Users\makbar\AppData\Roaming\npm\node_modules\protractor\node_modules\jasminewd2\index.js:82:18)
    at TaskQueue.execute_ (C:\Users\makbar\AppData\Roaming\npm\node_modules\protractor\node_modules\selenium-webdriver\lib\promise.js:2790:14)
    at TaskQueue.executeNext_ (C:\Users\makbar\AppData\Roaming\npm\node_modules\protractor\node_modules\selenium-webdriver\lib\promise.js:2773:21)
    at C:\Users\makbar\AppData\Roaming\npm\node_modules\protractor\node_modules\selenium-webdriver\lib\promise.js:2697:25
    at C:\Users\makbar\AppData\Roaming\npm\node_modules\protractor\node_modules\selenium-webdriver\lib\promise.js:639:7</stack-trace>
			</failure>
		</test-case>
		<test-case start="1462937243997" stop="1462937249266" status="failed">
			<name>Verify post comment</name>
			<title>Verify post comment</title>
			<description></description>
			<labels>
			</labels>
			<parameters>
			</parameters>
			<steps>
			</steps>
			<attachments>
				<attachment title="Screenshot" source="0a8550f6-8968-463a-9672-1e2da054fb0c-attachment.png" type="image/png" size="111167"/>
			</attachments>
			<failure>
				<message>Failed: No element found using locator: By(css selector, *[id=&quot;mceu_8-body&quot;])</message>
				<stack-trace>NoSuchElementError: No element found using locator: By(css selector, *[id=&quot;mceu_8-body&quot;])
    at WebDriverError (C:\Users\makbar\AppData\Roaming\npm\node_modules\protractor\node_modules\selenium-webdriver\error.js:26:26)
    at NoSuchElementError (C:\Users\makbar\AppData\Roaming\npm\node_modules\protractor\node_modules\selenium-webdriver\error.js:229:26)
    at C:\Users\makbar\AppData\Roaming\npm\node_modules\protractor\built\element.js:662:27
    at Promise.invokeCallback_ (C:\Users\makbar\AppData\Roaming\npm\node_modules\protractor\node_modules\selenium-webdriver\lib\promise.js:1329:14)
    at TaskQueue.execute_ (C:\Users\makbar\AppData\Roaming\npm\node_modules\protractor\node_modules\selenium-webdriver\lib\promise.js:2790:14)
    at TaskQueue.executeNext_ (C:\Users\makbar\AppData\Roaming\npm\node_modules\protractor\node_modules\selenium-webdriver\lib\promise.js:2773:21)
    at C:\Users\makbar\AppData\Roaming\npm\node_modules\protractor\node_modules\selenium-webdriver\lib\promise.js:2652:27
    at C:\Users\makbar\AppData\Roaming\npm\node_modules\protractor\node_modules\selenium-webdriver\lib\promise.js:639:7
    at process._tickCallback (internal/process/next_tick.js:103:7)
Error
    at ElementArrayFinder.applyAction_ (C:\Users\makbar\AppData\Roaming\npm\node_modules\protractor\built\element.js:371:27)
    at ElementArrayFinder._this.(anonymous function) [as click] (C:\Users\makbar\AppData\Roaming\npm\node_modules\protractor\built\element.js:83:30)
    at ElementFinder._this.(anonymous function) [as click] (C:\Users\makbar\AppData\Roaming\npm\node_modules\protractor\built\element.js:685:22)
    at Function.Svgelementspages.verifyPostComment (C:\Git\BlueprintSys\blueprint\blueprint-automationframework\UI-e2e-Tests\UI-e2e-Tests\UI-e2e-Tests\Pages\StorytellerPages\SvgElementsPage.ts:182:38)
    at Object.&lt;anonymous&gt; (C:\Git\BlueprintSys\blueprint\blueprint-automationframework\UI-e2e-Tests\UI-e2e-Tests\UI-e2e-Tests\Specs\Storyteller\EditingNavigatingModalStorytellerSpec.ts:55:29)
    at C:\Users\makbar\AppData\Roaming\npm\node_modules\protractor\node_modules\jasminewd2\index.js:96:23
    at new Promise (C:\Users\makbar\AppData\Roaming\npm\node_modules\protractor\node_modules\selenium-webdriver\lib\promise.js:1043:7)
    at controlFlowExecute (C:\Users\makbar\AppData\Roaming\npm\node_modules\protractor\node_modules\jasminewd2\index.js:82:18)
    at TaskQueue.execute_ (C:\Users\makbar\AppData\Roaming\npm\node_modules\protractor\node_modules\selenium-webdriver\lib\promise.js:2790:14)
    at TaskQueue.executeNext_ (C:\Users\makbar\AppData\Roaming\npm\node_modules\protractor\node_modules\selenium-webdriver\lib\promise.js:2773:21)
From: Task: Run it(&quot;Verify post comment&quot;) in control flow
    at Object.&lt;anonymous&gt; (C:\Users\makbar\AppData\Roaming\npm\node_modules\protractor\node_modules\jasminewd2\index.js:81:14)
    at attemptAsync (C:\Users\makbar\AppData\Roaming\npm\node_modules\protractor\node_modules\jasmine-core\lib\jasmine-core\jasmine.js:1916:24)
    at QueueRunner.run (C:\Users\makbar\AppData\Roaming\npm\node_modules\protractor\node_modules\jasmine-core\lib\jasmine-core\jasmine.js:1871:9)
    at QueueRunner.execute (C:\Users\makbar\AppData\Roaming\npm\node_modules\protractor\node_modules\jasmine-core\lib\jasmine-core\jasmine.js:1859:10)
    at Spec.Env.queueRunnerFactory (C:\Users\makbar\AppData\Roaming\npm\node_modules\protractor\node_modules\jasmine-core\lib\jasmine-core\jasmine.js:697:35)
    at Spec.execute (C:\Users\makbar\AppData\Roaming\npm\node_modules\protractor\node_modules\jasmine-core\lib\jasmine-core\jasmine.js:359:10)
    at Object.fn (C:\Users\makbar\AppData\Roaming\npm\node_modules\protractor\node_modules\jasmine-core\lib\jasmine-core\jasmine.js:2479:37)
    at attemptAsync (C:\Users\makbar\AppData\Roaming\npm\node_modules\protractor\node_modules\jasmine-core\lib\jasmine-core\jasmine.js:1916:24)
    at QueueRunner.run (C:\Users\makbar\AppData\Roaming\npm\node_modules\protractor\node_modules\jasmine-core\lib\jasmine-core\jasmine.js:1871:9)
    at C:\Users\makbar\AppData\Roaming\npm\node_modules\protractor\node_modules\jasmine-core\lib\jasmine-core\jasmine.js:1898:16
From asynchronous test: 
Error
    at Suite.&lt;anonymous&gt; (C:\Git\BlueprintSys\blueprint\blueprint-automationframework\UI-e2e-Tests\UI-e2e-Tests\UI-e2e-Tests\Specs\Storyteller\EditingNavigatingModalStorytellerSpec.ts:52:9)
    at addSpecsToSuite (C:\Users\makbar\AppData\Roaming\npm\node_modules\protractor\node_modules\jasmine-core\lib\jasmine-core\jasmine.js:833:25)
    at Env.describe (C:\Users\makbar\AppData\Roaming\npm\node_modules\protractor\node_modules\jasmine-core\lib\jasmine-core\jasmine.js:802:7)
    at jasmineInterface.describe (C:\Users\makbar\AppData\Roaming\npm\node_modules\protractor\node_modules\jasmine-core\lib\jasmine-core\jasmine.js:3375:18)
    at Object.&lt;anonymous&gt; (C:\Git\BlueprintSys\blueprint\blueprint-automationframework\UI-e2e-Tests\UI-e2e-Tests\UI-e2e-Tests\Specs\Storyteller\EditingNavigatingModalStorytellerSpec.ts:6:1)
    at Module._compile (module.js:413:34)
    at Object.Module._extensions..js (module.js:422:10)
    at Module.load (module.js:357:32)
    at Function.Module._load (module.js:314:12)</stack-trace>
			</failure>
		</test-case>
		<test-case start="1462937249266" stop="1462937255115" status="failed">
			<name>Verify user task Panel has Files tab</name>
			<title>Verify user task Panel has Files tab</title>
			<description></description>
			<labels>
			</labels>
			<parameters>
			</parameters>
			<steps>
			</steps>
			<attachments>
				<attachment title="Screenshot" source="90c5f41c-da41-4139-b2a6-c5e8468b0d06-attachment.png" type="image/png" size="111167"/>
			</attachments>
			<failure>
				<message>Expected [ &apos;&apos; ] to equal [ &apos;Files&apos; ].</message>
				<stack-trace>Error: Failed expectation
    at Function.Svgelementspages.verifyPanelFiles (C:\Git\BlueprintSys\blueprint\blueprint-automationframework\UI-e2e-Tests\UI-e2e-Tests\UI-e2e-Tests\Pages\StorytellerPages\SvgElementsPage.ts:147:28)
    at Object.&lt;anonymous&gt; (C:\Git\BlueprintSys\blueprint\blueprint-automationframework\UI-e2e-Tests\UI-e2e-Tests\UI-e2e-Tests\Specs\Storyteller\EditingNavigatingModalStorytellerSpec.ts:61:29)
    at C:\Users\makbar\AppData\Roaming\npm\node_modules\protractor\node_modules\jasminewd2\index.js:96:23
    at new Promise (C:\Users\makbar\AppData\Roaming\npm\node_modules\protractor\node_modules\selenium-webdriver\lib\promise.js:1043:7)
    at controlFlowExecute (C:\Users\makbar\AppData\Roaming\npm\node_modules\protractor\node_modules\jasminewd2\index.js:82:18)
    at TaskQueue.execute_ (C:\Users\makbar\AppData\Roaming\npm\node_modules\protractor\node_modules\selenium-webdriver\lib\promise.js:2790:14)
    at TaskQueue.executeNext_ (C:\Users\makbar\AppData\Roaming\npm\node_modules\protractor\node_modules\selenium-webdriver\lib\promise.js:2773:21)
    at C:\Users\makbar\AppData\Roaming\npm\node_modules\protractor\node_modules\selenium-webdriver\lib\promise.js:2697:25
    at C:\Users\makbar\AppData\Roaming\npm\node_modules\protractor\node_modules\selenium-webdriver\lib\promise.js:639:7</stack-trace>
			</failure>
		</test-case>
		<test-case start="1462937255115" stop="1462937260953" status="failed">
			<name>Verify user task Panel has Relationships tab</name>
			<title>Verify user task Panel has Relationships tab</title>
			<description></description>
			<labels>
			</labels>
			<parameters>
			</parameters>
			<steps>
			</steps>
			<attachments>
				<attachment title="Screenshot" source="caa3f5ca-c0b3-4268-bf6e-8958bedf39f4-attachment.png" type="image/png" size="111167"/>
			</attachments>
			<failure>
				<message>Expected [ &apos;&apos; ] to equal [ &apos;Relationships&apos; ].</message>
				<stack-trace>Error: Failed expectation
    at Function.Svgelementspages.verifyPanelRelationships (C:\Git\BlueprintSys\blueprint\blueprint-automationframework\UI-e2e-Tests\UI-e2e-Tests\UI-e2e-Tests\Pages\StorytellerPages\SvgElementsPage.ts:153:28)
    at Object.&lt;anonymous&gt; (C:\Git\BlueprintSys\blueprint\blueprint-automationframework\UI-e2e-Tests\UI-e2e-Tests\UI-e2e-Tests\Specs\Storyteller\EditingNavigatingModalStorytellerSpec.ts:67:29)
    at C:\Users\makbar\AppData\Roaming\npm\node_modules\protractor\node_modules\jasminewd2\index.js:96:23
    at new Promise (C:\Users\makbar\AppData\Roaming\npm\node_modules\protractor\node_modules\selenium-webdriver\lib\promise.js:1043:7)
    at controlFlowExecute (C:\Users\makbar\AppData\Roaming\npm\node_modules\protractor\node_modules\jasminewd2\index.js:82:18)
    at TaskQueue.execute_ (C:\Users\makbar\AppData\Roaming\npm\node_modules\protractor\node_modules\selenium-webdriver\lib\promise.js:2790:14)
    at TaskQueue.executeNext_ (C:\Users\makbar\AppData\Roaming\npm\node_modules\protractor\node_modules\selenium-webdriver\lib\promise.js:2773:21)
    at C:\Users\makbar\AppData\Roaming\npm\node_modules\protractor\node_modules\selenium-webdriver\lib\promise.js:2697:25
    at C:\Users\makbar\AppData\Roaming\npm\node_modules\protractor\node_modules\selenium-webdriver\lib\promise.js:639:7</stack-trace>
			</failure>
		</test-case>
		<test-case start="1462937260953" stop="1462937266771" status="failed">
			<name>Verify user task Panel has History tab</name>
			<title>Verify user task Panel has History tab</title>
			<description></description>
			<labels>
			</labels>
			<parameters>
			</parameters>
			<steps>
			</steps>
			<attachments>
				<attachment title="Screenshot" source="c9fa0f56-8fa9-42e7-8260-8c56b984e226-attachment.png" type="image/png" size="111167"/>
			</attachments>
			<failure>
				<message>Expected [ &apos;&apos; ] to equal [ &apos;History&apos; ].</message>
				<stack-trace>Error: Failed expectation
    at Function.Svgelementspages.verifyPanelHistory (C:\Git\BlueprintSys\blueprint\blueprint-automationframework\UI-e2e-Tests\UI-e2e-Tests\UI-e2e-Tests\Pages\StorytellerPages\SvgElementsPage.ts:159:28)
    at Object.&lt;anonymous&gt; (C:\Git\BlueprintSys\blueprint\blueprint-automationframework\UI-e2e-Tests\UI-e2e-Tests\UI-e2e-Tests\Specs\Storyteller\EditingNavigatingModalStorytellerSpec.ts:73:29)
    at C:\Users\makbar\AppData\Roaming\npm\node_modules\protractor\node_modules\jasminewd2\index.js:96:23
    at new Promise (C:\Users\makbar\AppData\Roaming\npm\node_modules\protractor\node_modules\selenium-webdriver\lib\promise.js:1043:7)
    at controlFlowExecute (C:\Users\makbar\AppData\Roaming\npm\node_modules\protractor\node_modules\jasminewd2\index.js:82:18)
    at TaskQueue.execute_ (C:\Users\makbar\AppData\Roaming\npm\node_modules\protractor\node_modules\selenium-webdriver\lib\promise.js:2790:14)
    at TaskQueue.executeNext_ (C:\Users\makbar\AppData\Roaming\npm\node_modules\protractor\node_modules\selenium-webdriver\lib\promise.js:2773:21)
    at C:\Users\makbar\AppData\Roaming\npm\node_modules\protractor\node_modules\selenium-webdriver\lib\promise.js:2697:25
    at C:\Users\makbar\AppData\Roaming\npm\node_modules\protractor\node_modules\selenium-webdriver\lib\promise.js:639:7</stack-trace>
			</failure>
		</test-case>
		<test-case start="1462937266771" stop="1462937272523" status="failed">
			<name>Verify user task Panel has CloseButton tab</name>
			<title>Verify user task Panel has CloseButton tab</title>
			<description></description>
			<labels>
			</labels>
			<parameters>
			</parameters>
			<steps>
			</steps>
			<attachments>
				<attachment title="Screenshot" source="caacd981-b335-4de3-934f-1b27dab16675-attachment.png" type="image/png" size="111167"/>
			</attachments>
			<failure>
				<message>Failed: element not visible
  (Session info: chrome=50.0.2661.94)
  (Driver info: chromedriver=2.21.371459 (36d3d07f660ff2bc1bf28a75d1cdabed0983e7c4),platform=Windows NT 6.3 x86_64) (WARNING: The server did not provide any stacktrace information)
Command duration or timeout: 24 milliseconds
Build info: version: &apos;2.52.0&apos;, revision: &apos;4c2593c&apos;, time: &apos;2016-02-11 19:06:42&apos;
System info: host: &apos;vm1139pc&apos;, ip: &apos;192.168.56.1&apos;, os.name: &apos;Windows 8.1&apos;, os.arch: &apos;amd64&apos;, os.version: &apos;6.3&apos;, java.version: &apos;1.8.0_73&apos;
Driver info: org.openqa.selenium.chrome.ChromeDriver
Capabilities [{applicationCacheEnabled=false, rotatable=false, mobileEmulationEnabled=false, chrome={chromedriverVersion=2.21.371459 (36d3d07f660ff2bc1bf28a75d1cdabed0983e7c4), userDataDir=C:\Users\makbar\AppData\Local\Temp\scoped_dir18024_22809}, takesHeapSnapshot=true, databaseEnabled=false, handlesAlerts=true, hasTouchScreen=false, version=50.0.2661.94, platform=WIN8_1, browserConnectionEnabled=false, nativeEvents=true, acceptSslCerts=true, locationContextEnabled=true, webStorageEnabled=true, browserName=chrome, takesScreenshot=true, javascriptEnabled=true, cssSelectorsEnabled=true}]
Session ID: b9f3de96f54c9fd15643a75dcbf098e6</message>
				<stack-trace>ElementNotVisibleError: element not visible
  (Session info: chrome=50.0.2661.94)
  (Driver info: chromedriver=2.21.371459 (36d3d07f660ff2bc1bf28a75d1cdabed0983e7c4),platform=Windows NT 6.3 x86_64) (WARNING: The server did not provide any stacktrace information)
Command duration or timeout: 24 milliseconds
Build info: version: &apos;2.52.0&apos;, revision: &apos;4c2593c&apos;, time: &apos;2016-02-11 19:06:42&apos;
System info: host: &apos;vm1139pc&apos;, ip: &apos;192.168.56.1&apos;, os.name: &apos;Windows 8.1&apos;, os.arch: &apos;amd64&apos;, os.version: &apos;6.3&apos;, java.version: &apos;1.8.0_73&apos;
Driver info: org.openqa.selenium.chrome.ChromeDriver
Capabilities [{applicationCacheEnabled=false, rotatable=false, mobileEmulationEnabled=false, chrome={chromedriverVersion=2.21.371459 (36d3d07f660ff2bc1bf28a75d1cdabed0983e7c4), userDataDir=C:\Users\makbar\AppData\Local\Temp\scoped_dir18024_22809}, takesHeapSnapshot=true, databaseEnabled=false, handlesAlerts=true, hasTouchScreen=false, version=50.0.2661.94, platform=WIN8_1, browserConnectionEnabled=false, nativeEvents=true, acceptSslCerts=true, locationContextEnabled=true, webStorageEnabled=true, browserName=chrome, takesScreenshot=true, javascriptEnabled=true, cssSelectorsEnabled=true}]
Session ID: b9f3de96f54c9fd15643a75dcbf098e6
    at WebDriverError (C:\Users\makbar\AppData\Roaming\npm\node_modules\protractor\node_modules\selenium-webdriver\error.js:26:26)
    at ElementNotVisibleError (C:\Users\makbar\AppData\Roaming\npm\node_modules\protractor\node_modules\selenium-webdriver\error.js:73:26)
    at Object.checkLegacyResponse (C:\Users\makbar\AppData\Roaming\npm\node_modules\protractor\node_modules\selenium-webdriver\error.js:580:13)
    at C:\Users\makbar\AppData\Roaming\npm\node_modules\protractor\node_modules\selenium-webdriver\lib\webdriver.js:360:15
    at Promise.invokeCallback_ (C:\Users\makbar\AppData\Roaming\npm\node_modules\protractor\node_modules\selenium-webdriver\lib\promise.js:1329:14)
    at TaskQueue.execute_ (C:\Users\makbar\AppData\Roaming\npm\node_modules\protractor\node_modules\selenium-webdriver\lib\promise.js:2790:14)
    at TaskQueue.executeNext_ (C:\Users\makbar\AppData\Roaming\npm\node_modules\protractor\node_modules\selenium-webdriver\lib\promise.js:2773:21)
    at C:\Users\makbar\AppData\Roaming\npm\node_modules\protractor\node_modules\selenium-webdriver\lib\promise.js:2652:27
    at C:\Users\makbar\AppData\Roaming\npm\node_modules\protractor\node_modules\selenium-webdriver\lib\promise.js:639:7
    at process._tickCallback (internal/process/next_tick.js:103:7)
Error
    at ElementArrayFinder.applyAction_ (C:\Users\makbar\AppData\Roaming\npm\node_modules\protractor\built\element.js:371:27)
    at ElementArrayFinder._this.(anonymous function) [as click] (C:\Users\makbar\AppData\Roaming\npm\node_modules\protractor\built\element.js:83:30)
    at ElementFinder._this.(anonymous function) [as click] (C:\Users\makbar\AppData\Roaming\npm\node_modules\protractor\built\element.js:685:22)
    at Function.Svgelementspages.verifyPanelCloseButton (C:\Git\BlueprintSys\blueprint\blueprint-automationframework\UI-e2e-Tests\UI-e2e-Tests\UI-e2e-Tests\Pages\StorytellerPages\SvgElementsPage.ts:177:45)
    at Object.&lt;anonymous&gt; (C:\Git\BlueprintSys\blueprint\blueprint-automationframework\UI-e2e-Tests\UI-e2e-Tests\UI-e2e-Tests\Specs\Storyteller\EditingNavigatingModalStorytellerSpec.ts:80:29)
    at C:\Users\makbar\AppData\Roaming\npm\node_modules\protractor\node_modules\jasminewd2\index.js:96:23
    at new Promise (C:\Users\makbar\AppData\Roaming\npm\node_modules\protractor\node_modules\selenium-webdriver\lib\promise.js:1043:7)
    at controlFlowExecute (C:\Users\makbar\AppData\Roaming\npm\node_modules\protractor\node_modules\jasminewd2\index.js:82:18)
    at TaskQueue.execute_ (C:\Users\makbar\AppData\Roaming\npm\node_modules\protractor\node_modules\selenium-webdriver\lib\promise.js:2790:14)
    at TaskQueue.executeNext_ (C:\Users\makbar\AppData\Roaming\npm\node_modules\protractor\node_modules\selenium-webdriver\lib\promise.js:2773:21)
From: Task: Run it(&quot;Verify user task Panel has CloseButton tab&quot;) in control flow
    at Object.&lt;anonymous&gt; (C:\Users\makbar\AppData\Roaming\npm\node_modules\protractor\node_modules\jasminewd2\index.js:81:14)
    at attemptAsync (C:\Users\makbar\AppData\Roaming\npm\node_modules\protractor\node_modules\jasmine-core\lib\jasmine-core\jasmine.js:1916:24)
    at QueueRunner.run (C:\Users\makbar\AppData\Roaming\npm\node_modules\protractor\node_modules\jasmine-core\lib\jasmine-core\jasmine.js:1871:9)
    at QueueRunner.execute (C:\Users\makbar\AppData\Roaming\npm\node_modules\protractor\node_modules\jasmine-core\lib\jasmine-core\jasmine.js:1859:10)
    at Spec.Env.queueRunnerFactory (C:\Users\makbar\AppData\Roaming\npm\node_modules\protractor\node_modules\jasmine-core\lib\jasmine-core\jasmine.js:697:35)
    at Spec.execute (C:\Users\makbar\AppData\Roaming\npm\node_modules\protractor\node_modules\jasmine-core\lib\jasmine-core\jasmine.js:359:10)
    at Object.fn (C:\Users\makbar\AppData\Roaming\npm\node_modules\protractor\node_modules\jasmine-core\lib\jasmine-core\jasmine.js:2479:37)
    at attemptAsync (C:\Users\makbar\AppData\Roaming\npm\node_modules\protractor\node_modules\jasmine-core\lib\jasmine-core\jasmine.js:1916:24)
    at QueueRunner.run (C:\Users\makbar\AppData\Roaming\npm\node_modules\protractor\node_modules\jasmine-core\lib\jasmine-core\jasmine.js:1871:9)
    at C:\Users\makbar\AppData\Roaming\npm\node_modules\protractor\node_modules\jasmine-core\lib\jasmine-core\jasmine.js:1898:16
From asynchronous test: 
Error
    at Suite.&lt;anonymous&gt; (C:\Git\BlueprintSys\blueprint\blueprint-automationframework\UI-e2e-Tests\UI-e2e-Tests\UI-e2e-Tests\Specs\Storyteller\EditingNavigatingModalStorytellerSpec.ts:77:9)
    at addSpecsToSuite (C:\Users\makbar\AppData\Roaming\npm\node_modules\protractor\node_modules\jasmine-core\lib\jasmine-core\jasmine.js:833:25)
    at Env.describe (C:\Users\makbar\AppData\Roaming\npm\node_modules\protractor\node_modules\jasmine-core\lib\jasmine-core\jasmine.js:802:7)
    at jasmineInterface.describe (C:\Users\makbar\AppData\Roaming\npm\node_modules\protractor\node_modules\jasmine-core\lib\jasmine-core\jasmine.js:3375:18)
    at Object.&lt;anonymous&gt; (C:\Git\BlueprintSys\blueprint\blueprint-automationframework\UI-e2e-Tests\UI-e2e-Tests\UI-e2e-Tests\Specs\Storyteller\EditingNavigatingModalStorytellerSpec.ts:6:1)
    at Module._compile (module.js:413:34)
    at Object.Module._extensions..js (module.js:422:10)
    at Module.load (module.js:357:32)
    at Function.Module._load (module.js:314:12)</stack-trace>
			</failure>
		</test-case>
	</test-cases>
</ns2:test-suite>